0 verbose cli /usr/local/bin/node /usr/local/bin/npm
1 info using npm@10.9.2
2 info using node@v22.14.0
3 silly config load:file:/usr/local/lib/node_modules/npm/npmrc
4 silly config load:file:/Users/forceonetechnologies/Documents/Project Mar/chamba/backend/.npmrc
5 silly config load:file:/Users/forceonetechnologies/.npmrc
6 silly config load:file:/usr/local/etc/npmrc
7 verbose title npm install @types/express-session
8 verbose argv "install" "--save-dev" "@types/express-session"
9 verbose logfile logs-max:10 dir:/Users/forceonetechnologies/Documents/Project Mar/chamba/.npm-cache/_logs/2026-03-06T17_46_56_845Z-
10 verbose logfile /Users/forceonetechnologies/Documents/Project Mar/chamba/.npm-cache/_logs/2026-03-06T17_46_56_845Z-debug-0.log
11 silly logfile done cleaning log files
12 silly packumentCache heap:4345298944 maxSize:1086324736 maxEntrySize:543162368
13 silly idealTree buildDeps
14 silly fetch manifest @types/express-session@*
15 silly packumentCache full:https://registry.npmjs.org/@types%2fexpress-session cache-miss
16 http fetch GET 200 https://registry.npmjs.org/@types%2fexpress-session 726ms (cache miss)
17 silly packumentCache full:https://registry.npmjs.org/@types%2fexpress-session set size:undefined disposed:false
18 silly placeDep ROOT @types/express-session@1.18.2 OK for: backend@0.0.1 want: *
19 silly reify moves {}
20 silly audit bulk request {
20 silly audit   '@angular-devkit/core': [ '19.2.19', '19.2.17' ],
20 silly audit   ajv: [ '8.17.1', '8.18.0', '6.14.0' ],
20 silly audit   'json-schema-traverse': [ '1.0.0', '0.4.1' ],
20 silly audit   rxjs: [ '7.8.1', '7.8.2' ],
20 silly audit   '@angular-devkit/schematics': [ '19.2.19', '19.2.17' ],
20 silly audit   '@angular-devkit/schematics-cli': [ '19.2.19' ],
20 silly audit   '@inquirer/prompts': [ '7.3.2', '7.10.1' ],
20 silly audit   '@aws-crypto/crc32': [ '5.2.0' ],
20 silly audit   '@aws-crypto/crc32c': [ '5.2.0' ],
20 silly audit   '@aws-crypto/sha1-browser': [ '5.2.0' ],
20 silly audit   '@smithy/is-array-buffer': [ '2.2.0', '4.2.2' ],
20 silly audit   '@smithy/util-buffer-from': [ '2.2.0', '4.2.2' ],
20 silly audit   '@smithy/util-utf8': [ '2.3.0', '4.2.2' ],
20 silly audit   '@aws-crypto/sha256-browser': [ '5.2.0' ],
20 silly audit   '@aws-crypto/sha256-js': [ '5.2.0' ],
20 silly audit   '@aws-crypto/supports-web-crypto': [ '5.2.0' ],
20 silly audit   '@aws-crypto/util': [ '5.2.0' ],
20 silly audit   '@aws-sdk/client-s3': [ '3.1003.0' ],
20 silly audit   '@aws-sdk/core': [ '3.973.18' ],
20 silly audit   '@aws-sdk/crc64-nvme': [ '3.972.4' ],
20 silly audit   '@aws-sdk/credential-provider-env': [ '3.972.16' ],
20 silly audit   '@aws-sdk/credential-provider-http': [ '3.972.18' ],
20 silly audit   '@aws-sdk/credential-provider-ini': [ '3.972.16' ],
20 silly audit   '@aws-sdk/credential-provider-login': [ '3.972.16' ],
20 silly audit   '@aws-sdk/credential-provider-node': [ '3.972.17' ],
20 silly audit   '@aws-sdk/credential-provider-process': [ '3.972.16' ],
20 silly audit   '@aws-sdk/credential-provider-sso': [ '3.972.16' ],
20 silly audit   '@aws-sdk/credential-provider-web-identity': [ '3.972.16' ],
20 silly audit   '@aws-sdk/middleware-bucket-endpoint': [ '3.972.7' ],
20 silly audit   '@aws-sdk/middleware-expect-continue': [ '3.972.7' ],
20 silly audit   '@aws-sdk/middleware-flexible-checksums': [ '3.973.4' ],
20 silly audit   '@aws-sdk/middleware-host-header': [ '3.972.7' ],
20 silly audit   '@aws-sdk/middleware-location-constraint': [ '3.972.7' ],
20 silly audit   '@aws-sdk/middleware-logger': [ '3.972.7' ],
20 silly audit   '@aws-sdk/middleware-recursion-detection': [ '3.972.7' ],
20 silly audit   '@aws-sdk/middleware-sdk-s3': [ '3.972.18' ],
20 silly audit   '@aws-sdk/middleware-ssec': [ '3.972.7' ],
20 silly audit   '@aws-sdk/middleware-user-agent': [ '3.972.18' ],
20 silly audit   '@aws-sdk/nested-clients': [ '3.996.6' ],
20 silly audit   '@aws-sdk/region-config-resolver': [ '3.972.7' ],
20 silly audit   '@aws-sdk/signature-v4-multi-region': [ '3.996.6' ],
20 silly audit   '@aws-sdk/token-providers': [ '3.1003.0' ],
20 silly audit   '@aws-sdk/types': [ '3.973.5' ],
20 silly audit   '@aws-sdk/util-arn-parser': [ '3.972.3' ],
20 silly audit   '@aws-sdk/util-endpoints': [ '3.996.4' ],
20 silly audit   '@aws-sdk/util-locate-window': [ '3.965.5' ],
20 silly audit   '@aws-sdk/util-user-agent-browser': [ '3.972.7' ],
20 silly audit   '@aws-sdk/util-user-agent-node': [ '3.973.3' ],
20 silly audit   '@aws-sdk/xml-builder': [ '3.972.10' ],
20 silly audit   '@aws/lambda-invoke-store': [ '0.2.3' ],
20 silly audit   '@babel/code-frame': [ '7.29.0' ],
20 silly audit   '@babel/compat-data': [ '7.29.0' ],
20 silly audit   '@babel/core': [ '7.29.0' ],
20 silly audit   semver: [ '6.3.1', '7.7.4' ],
20 silly audit   '@babel/generator': [ '7.29.1' ],
20 silly audit   '@babel/helper-compilation-targets': [ '7.28.6' ],
20 silly audit   '@babel/helper-globals': [ '7.28.0' ],
20 silly audit   '@babel/helper-module-imports': [ '7.28.6' ],
20 silly audit   '@babel/helper-module-transforms': [ '7.28.6' ],
20 silly audit   '@babel/helper-plugin-utils': [ '7.28.6' ],
20 silly audit   '@babel/helper-string-parser': [ '7.27.1' ],
20 silly audit   '@babel/helper-validator-identifier': [ '7.28.5' ],
20 silly audit   '@babel/helper-validator-option': [ '7.27.1' ],
20 silly audit   '@babel/helpers': [ '7.28.6' ],
20 silly audit   '@babel/parser': [ '7.29.0' ],
20 silly audit   '@babel/plugin-syntax-async-generators': [ '7.8.4' ],
20 silly audit   '@babel/plugin-syntax-bigint': [ '7.8.3' ],
20 silly audit   '@babel/plugin-syntax-class-properties': [ '7.12.13' ],
20 silly audit   '@babel/plugin-syntax-class-static-block': [ '7.14.5' ],
20 silly audit   '@babel/plugin-syntax-import-attributes': [ '7.28.6' ],
20 silly audit   '@babel/plugin-syntax-import-meta': [ '7.10.4' ],
20 silly audit   '@babel/plugin-syntax-json-strings': [ '7.8.3' ],
20 silly audit   '@babel/plugin-syntax-jsx': [ '7.28.6' ],
20 silly audit   '@babel/plugin-syntax-logical-assignment-operators': [ '7.10.4' ],
20 silly audit   '@babel/plugin-syntax-nullish-coalescing-operator': [ '7.8.3' ],
20 silly audit   '@babel/plugin-syntax-numeric-separator': [ '7.10.4' ],
20 silly audit   '@babel/plugin-syntax-object-rest-spread': [ '7.8.3' ],
20 silly audit   '@babel/plugin-syntax-optional-catch-binding': [ '7.8.3' ],
20 silly audit   '@babel/plugin-syntax-optional-chaining': [ '7.8.3' ],
20 silly audit   '@babel/plugin-syntax-private-property-in-object': [ '7.14.5' ],
20 silly audit   '@babel/plugin-syntax-top-level-await': [ '7.14.5' ],
20 silly audit   '@babel/plugin-syntax-typescript': [ '7.28.6' ],
20 silly audit   '@babel/template': [ '7.28.6' ],
20 silly audit   '@babel/traverse': [ '7.29.0' ],
20 silly audit   '@babel/types': [ '7.29.0' ],
20 silly audit   '@bcoe/v8-coverage': [ '0.2.3' ],
20 silly audit   '@borewit/text-codec': [ '0.2.1' ],
20 silly audit   '@colors/colors': [ '1.5.0' ],
20 silly audit   '@cspotcode/source-map-support': [ '0.8.1' ],
20 silly audit   '@jridgewell/trace-mapping': [ '0.3.9', '0.3.31' ],
20 silly audit   '@emnapi/core': [ '1.8.1' ],
20 silly audit   '@emnapi/runtime': [ '1.8.1' ],
20 silly audit   '@emnapi/wasi-threads': [ '1.1.0' ],
20 silly audit   '@eslint-community/eslint-utils': [ '4.9.1' ],
20 silly audit   'eslint-visitor-keys': [ '3.4.3', '5.0.1', '4.2.1' ],
20 silly audit   '@eslint-community/regexpp': [ '4.12.2' ],
20 silly audit   '@eslint/config-array': [ '0.21.1' ],
20 silly audit   '@eslint/config-helpers': [ '0.4.2' ],
20 silly audit   '@eslint/core': [ '0.17.0' ],
20 silly audit   '@eslint/eslintrc': [ '3.3.4' ],
20 silly audit   globals: [ '14.0.0', '16.5.0' ],
20 silly audit   '@eslint/js': [ '9.39.3' ],
20 silly audit   '@eslint/object-schema': [ '2.1.7' ],
20 silly audit   '@eslint/plugin-kit': [ '0.4.1' ],
20 silly audit   '@humanfs/core': [ '0.19.1' ],
20 silly audit   '@humanfs/node': [ '0.16.7' ],
20 silly audit   '@humanwhocodes/module-importer': [ '1.0.1' ],
20 silly audit   '@humanwhocodes/retry': [ '0.4.3' ],
20 silly audit   '@inquirer/ansi': [ '1.0.2' ],
20 silly audit   '@inquirer/checkbox': [ '4.3.2' ],
20 silly audit   '@inquirer/confirm': [ '5.1.21' ],
20 silly audit   '@inquirer/core': [ '10.3.2' ],
20 silly audit   '@inquirer/editor': [ '4.2.23' ],
20 silly audit   '@inquirer/expand': [ '4.0.23' ],
20 silly audit   '@inquirer/external-editor': [ '1.0.3' ],
20 silly audit   '@inquirer/figures': [ '1.0.15' ],
20 silly audit   '@inquirer/input': [ '4.3.1' ],
20 silly audit   '@inquirer/number': [ '3.0.23' ],
20 silly audit   '@inquirer/password': [ '4.0.23' ],
20 silly audit   '@inquirer/rawlist': [ '4.1.11' ],
20 silly audit   '@inquirer/search': [ '3.2.2' ],
20 silly audit   '@inquirer/select': [ '4.4.2' ],
20 silly audit   '@inquirer/type': [ '3.0.10' ],
20 silly audit   '@isaacs/cliui': [ '8.0.2' ],
20 silly audit   'ansi-regex': [ '6.2.2', '5.0.1' ],
20 silly audit   'ansi-styles': [ '6.2.3', '4.3.0', '5.2.0' ],
20 silly audit   'emoji-regex': [ '9.2.2', '8.0.0' ],
20 silly audit   'string-width': [ '5.1.2', '4.2.3' ],
20 silly audit   'strip-ansi': [ '7.2.0', '6.0.1' ],
20 silly audit   'wrap-ansi': [ '8.1.0', '7.0.0', '6.2.0' ],
20 silly audit   '@istanbuljs/load-nyc-config': [ '1.1.0' ],
20 silly audit   argparse: [ '1.0.10', '2.0.1' ],
20 silly audit   'find-up': [ '4.1.0', '5.0.0' ],
20 silly audit   'js-yaml': [ '3.14.2', '4.1.1' ],
20 silly audit   'locate-path': [ '5.0.0', '6.0.0' ],
20 silly audit   'p-limit': [ '2.3.0', '3.1.0' ],
20 silly audit   'p-locate': [ '4.1.0', '5.0.0' ],
20 silly audit   'resolve-from': [ '5.0.0', '4.0.0' ],
20 silly audit   '@istanbuljs/schema': [ '0.1.3' ],
20 silly audit   '@jest/console': [ '30.2.0' ],
20 silly audit   '@jest/core': [ '30.2.0' ],
20 silly audit   '@jest/diff-sequences': [ '30.0.1' ],
20 silly audit   '@jest/environment': [ '30.2.0' ],
20 silly audit   '@jest/expect': [ '30.2.0' ],
20 silly audit   '@jest/expect-utils': [ '30.2.0' ],
20 silly audit   '@jest/fake-timers': [ '30.2.0' ],
20 silly audit   '@jest/get-type': [ '30.1.0' ],
20 silly audit   '@jest/globals': [ '30.2.0' ],
20 silly audit   '@jest/pattern': [ '30.0.1' ],
20 silly audit   '@jest/reporters': [ '30.2.0' ],
20 silly audit   'brace-expansion': [ '2.0.2', '5.0.4', '1.1.12' ],
20 silly audit   glob: [ '10.5.0', '13.0.0', '7.2.3' ],
20 silly audit   'lru-cache': [ '10.4.3', '5.1.1', '11.2.6' ],
20 silly audit   minimatch: [ '9.0.9', '10.2.4', '3.1.5' ],
20 silly audit   'path-scurry': [ '1.11.1', '2.0.2' ],
20 silly audit   '@jest/schemas': [ '30.0.5' ],
20 silly audit   '@jest/snapshot-utils': [ '30.2.0' ],
20 silly audit   '@jest/source-map': [ '30.0.1' ],
20 silly audit   '@jest/test-result': [ '30.2.0' ],
20 silly audit   '@jest/test-sequencer': [ '30.2.0' ],
20 silly audit   '@jest/transform': [ '30.2.0' ],
20 silly audit   '@jest/types': [ '30.2.0' ],
20 silly audit   '@jridgewell/gen-mapping': [ '0.3.13' ],
20 silly audit   '@jridgewell/remapping': [ '2.3.5' ],
20 silly audit   '@jridgewell/resolve-uri': [ '3.1.2' ],
20 silly audit   '@jridgewell/source-map': [ '0.3.11' ],
20 silly audit   '@jridgewell/sourcemap-codec': [ '1.5.5' ],
20 silly audit   '@lukeed/csprng': [ '1.1.0' ],
20 silly audit   '@napi-rs/wasm-runtime': [ '0.2.12' ],
20 silly audit   '@nestjs/cli': [ '11.0.16' ],
20 silly audit   'ajv-formats': [ '2.1.1', '3.0.1' ],
20 silly audit   'ajv-keywords': [ '5.1.0', '3.5.2' ],
20 silly audit   'eslint-scope': [ '5.1.1', '8.4.0' ],
20 silly audit   estraverse: [ '4.3.0', '5.3.0' ],
20 silly audit   'mime-db': [ '1.52.0', '1.54.0' ],
20 silly audit   'mime-types': [ '2.1.35', '3.0.2' ],
20 silly audit   'schema-utils': [ '4.3.3', '3.3.0' ],
20 silly audit   webpack: [ '5.104.1', '5.105.4' ],
20 silly audit   '@nestjs/common': [ '11.1.16' ],
20 silly audit   '@nestjs/config': [ '4.0.3' ],
20 silly audit   '@nestjs/core': [ '11.1.16' ],
20 silly audit   '@nestjs/platform-express': [ '11.1.16' ],
20 silly audit   '@nestjs/platform-socket.io': [ '11.1.16' ],
20 silly audit   '@nestjs/schematics': [ '11.0.9' ],
20 silly audit   '@nestjs/testing': [ '11.1.16' ],
20 silly audit   '@nestjs/typeorm': [ '11.0.0' ],
20 silly audit   '@nestjs/websockets': [ '11.1.16' ],
20 silly audit   '@noble/hashes': [ '1.8.0' ],
20 silly audit   '@nuxt/opencollective': [ '0.4.1' ],
20 silly audit   '@paralleldrive/cuid2': [ '2.3.1' ],
20 silly audit   '@pkgjs/parseargs': [ '0.11.0' ],
20 silly audit   '@pkgr/core': [ '0.2.9' ],
20 silly audit   '@redis/bloom': [ '5.11.0' ],
20 silly audit   '@redis/client': [ '5.11.0' ],
20 silly audit   '@redis/json': [ '5.11.0' ],
20 silly audit   '@redis/search': [ '5.11.0' ],
20 silly audit   '@redis/time-series': [ '5.11.0' ],
20 silly audit   '@sinclair/typebox': [ '0.34.48' ],
20 silly audit   '@sinonjs/commons': [ '3.0.1' ],
20 silly audit   '@sinonjs/fake-timers': [ '13.0.5' ],
20 silly audit   '@smithy/abort-controller': [ '4.2.11' ],
20 silly audit   '@smithy/chunked-blob-reader': [ '5.2.2' ],
20 silly audit   '@smithy/chunked-blob-reader-native': [ '4.2.3' ],
20 silly audit   '@smithy/config-resolver': [ '4.4.10' ],
20 silly audit   '@smithy/core': [ '3.23.8' ],
20 silly audit   '@smithy/credential-provider-imds': [ '4.2.11' ],
20 silly audit   '@smithy/eventstream-codec': [ '4.2.11' ],
20 silly audit   '@smithy/eventstream-serde-browser': [ '4.2.11' ],
20 silly audit   '@smithy/eventstream-serde-config-resolver': [ '4.3.11' ],
20 silly audit   '@smithy/eventstream-serde-node': [ '4.2.11' ],
20 silly audit   '@smithy/eventstream-serde-universal': [ '4.2.11' ],
20 silly audit   '@smithy/fetch-http-handler': [ '5.3.13' ],
20 silly audit   '@smithy/hash-blob-browser': [ '4.2.12' ],
20 silly audit   '@smithy/hash-node': [ '4.2.11' ],
20 silly audit   '@smithy/hash-stream-node': [ '4.2.11' ],
20 silly audit   '@smithy/invalid-dependency': [ '4.2.11' ],
20 silly audit   '@smithy/md5-js': [ '4.2.11' ],
20 silly audit   '@smithy/middleware-content-length': [ '4.2.11' ],
20 silly audit   '@smithy/middleware-endpoint': [ '4.4.22' ],
20 silly audit   '@smithy/middleware-retry': [ '4.4.39' ],
20 silly audit   '@smithy/middleware-serde': [ '4.2.12' ],
20 silly audit   '@smithy/middleware-stack': [ '4.2.11' ],
20 silly audit   '@smithy/node-config-provider': [ '4.3.11' ],
20 silly audit   '@smithy/node-http-handler': [ '4.4.14' ],
20 silly audit   '@smithy/property-provider': [ '4.2.11' ],
20 silly audit   '@smithy/protocol-http': [ '5.3.11' ],
20 silly audit   '@smithy/querystring-builder': [ '4.2.11' ],
20 silly audit   '@smithy/querystring-parser': [ '4.2.11' ],
20 silly audit   '@smithy/service-error-classification': [ '4.2.11' ],
20 silly audit   '@smithy/shared-ini-file-loader': [ '4.4.6' ],
20 silly audit   '@smithy/signature-v4': [ '5.3.11' ],
20 silly audit   '@smithy/smithy-client': [ '4.12.2' ],
20 silly audit   '@smithy/types': [ '4.13.0' ],
20 silly audit   '@smithy/url-parser': [ '4.2.11' ],
20 silly audit   '@smithy/util-base64': [ '4.3.2' ],
20 silly audit   '@smithy/util-body-length-browser': [ '4.2.2' ],
20 silly audit   '@smithy/util-body-length-node': [ '4.2.3' ],
20 silly audit   '@smithy/util-config-provider': [ '4.2.2' ],
20 silly audit   '@smithy/util-defaults-mode-browser': [ '4.3.38' ],
20 silly audit   '@smithy/util-defaults-mode-node': [ '4.2.41' ],
20 silly audit   '@smithy/util-endpoints': [ '3.3.2' ],
20 silly audit   '@smithy/util-hex-encoding': [ '4.2.2' ],
20 silly audit   '@smithy/util-middleware': [ '4.2.11' ],
20 silly audit   '@smithy/util-retry': [ '4.2.11' ],
20 silly audit   '@smithy/util-stream': [ '4.5.17' ],
20 silly audit   '@smithy/util-uri-escape': [ '4.2.2' ],
20 silly audit   '@smithy/util-waiter': [ '4.2.11' ],
20 silly audit   '@smithy/uuid': [ '1.1.2' ],
20 silly audit   '@socket.io/component-emitter': [ '3.1.2' ],
20 silly audit   '@sqltools/formatter': [ '1.2.5' ],
20 silly audit   '@tokenizer/inflate': [ '0.4.1' ],
20 silly audit   '@tokenizer/token': [ '0.3.0' ],
20 silly audit   '@tsconfig/node10': [ '1.0.12' ],
20 silly audit   '@tsconfig/node12': [ '1.0.11' ],
20 silly audit   '@tsconfig/node14': [ '1.0.3' ],
20 silly audit   '@tsconfig/node16': [ '1.0.4' ],
20 silly audit   '@tybys/wasm-util': [ '0.10.1' ],
20 silly audit   '@types/babel__core': [ '7.20.5' ],
20 silly audit   '@types/babel__generator': [ '7.27.0' ],
20 silly audit   '@types/babel__template': [ '7.4.4' ],
20 silly audit   '@types/babel__traverse': [ '7.28.0' ],
20 silly audit   '@types/body-parser': [ '1.19.6' ],
20 silly audit   '@types/connect': [ '3.4.38' ],
20 silly audit   '@types/cookiejar': [ '2.1.5' ],
20 silly audit   '@types/cors': [ '2.8.19' ],
20 silly audit   '@types/eslint': [ '9.6.1' ],
20 silly audit   '@types/eslint-scope': [ '3.7.7' ],
20 silly audit   '@types/estree': [ '1.0.8' ],
20 silly audit   '@types/express': [ '5.0.6' ],
20 silly audit   '@types/express-serve-static-core': [ '5.1.1' ],
20 silly audit   '@types/http-errors': [ '2.0.5' ],
20 silly audit   '@types/istanbul-lib-coverage': [ '2.0.6' ],
20 silly audit   '@types/istanbul-lib-report': [ '3.0.3' ],
20 silly audit   '@types/istanbul-reports': [ '3.0.4' ],
20 silly audit   '@types/jest': [ '30.0.0' ],
20 silly audit   '@types/json-schema': [ '7.0.15' ],
20 silly audit   '@types/methods': [ '1.1.4' ],
20 silly audit   '@types/node': [ '22.19.15' ],
20 silly audit   '@types/qs': [ '6.15.0' ],
20 silly audit   '@types/range-parser': [ '1.2.7' ],
20 silly audit   '@types/send': [ '1.2.1' ],
20 silly audit   '@types/serve-static': [ '2.2.0' ],
20 silly audit   '@types/stack-utils': [ '2.0.3' ],
20 silly audit   '@types/superagent': [ '8.1.9' ],
20 silly audit   '@types/supertest': [ '6.0.3' ],
20 silly audit   '@types/validator': [ '13.15.10' ],
20 silly audit   '@types/yargs': [ '17.0.35' ],
20 silly audit   '@types/yargs-parser': [ '21.0.3' ],
20 silly audit   '@typescript-eslint/eslint-plugin': [ '8.56.1' ],
20 silly audit   ignore: [ '7.0.5', '5.3.2' ],
20 silly audit   '@typescript-eslint/parser': [ '8.56.1' ],
20 silly audit   '@typescript-eslint/project-service': [ '8.56.1' ],
20 silly audit   '@typescript-eslint/scope-manager': [ '8.56.1' ],
20 silly audit   '@typescript-eslint/tsconfig-utils': [ '8.56.1' ],
20 silly audit   '@typescript-eslint/type-utils': [ '8.56.1' ],
20 silly audit   '@typescript-eslint/types': [ '8.56.1' ],
20 silly audit   '@typescript-eslint/typescript-estree': [ '8.56.1' ],
20 silly audit   'balanced-match': [ '4.0.4', '1.0.2' ],
20 silly audit   '@typescript-eslint/utils': [ '8.56.1' ],
20 silly audit   '@typescript-eslint/visitor-keys': [ '8.56.1' ],
20 silly audit   '@ungap/structured-clone': [ '1.3.0' ],
20 silly audit   '@unrs/resolver-binding-android-arm-eabi': [ '1.11.1' ],
20 silly audit   '@unrs/resolver-binding-android-arm64': [ '1.11.1' ],
20 silly audit   '@unrs/resolver-binding-darwin-arm64': [ '1.11.1' ],
20 silly audit   '@unrs/resolver-binding-darwin-x64': [ '1.11.1' ],
20 silly audit   '@unrs/resolver-binding-freebsd-x64': [ '1.11.1' ],
20 silly audit   '@unrs/resolver-binding-linux-arm-gnueabihf': [ '1.11.1' ],
20 silly audit   '@unrs/resolver-binding-linux-arm-musleabihf': [ '1.11.1' ],
20 silly audit   '@unrs/resolver-binding-linux-arm64-gnu': [ '1.11.1' ],
20 silly audit   '@unrs/resolver-binding-linux-arm64-musl': [ '1.11.1' ],
20 silly audit   '@unrs/resolver-binding-linux-ppc64-gnu': [ '1.11.1' ],
20 silly audit   '@unrs/resolver-binding-linux-riscv64-gnu': [ '1.11.1' ],
20 silly audit   '@unrs/resolver-binding-linux-riscv64-musl': [ '1.11.1' ],
20 silly audit   '@unrs/resolver-binding-linux-s390x-gnu': [ '1.11.1' ],
20 silly audit   '@unrs/resolver-binding-linux-x64-gnu': [ '1.11.1' ],
20 silly audit   '@unrs/resolver-binding-linux-x64-musl': [ '1.11.1' ],
20 silly audit   '@unrs/resolver-binding-wasm32-wasi': [ '1.11.1' ],
20 silly audit   '@unrs/resolver-binding-win32-arm64-msvc': [ '1.11.1' ],
20 silly audit   '@unrs/resolver-binding-win32-ia32-msvc': [ '1.11.1' ],
20 silly audit   '@unrs/resolver-binding-win32-x64-msvc': [ '1.11.1' ],
20 silly audit   '@webassemblyjs/ast': [ '1.14.1' ],
20 silly audit   '@webassemblyjs/floating-point-hex-parser': [ '1.13.2' ],
20 silly audit   '@webassemblyjs/helper-api-error': [ '1.13.2' ],
20 silly audit   '@webassemblyjs/helper-buffer': [ '1.14.1' ],
20 silly audit   '@webassemblyjs/helper-numbers': [ '1.13.2' ],
20 silly audit   '@webassemblyjs/helper-wasm-bytecode': [ '1.13.2' ],
20 silly audit   '@webassemblyjs/helper-wasm-section': [ '1.14.1' ],
20 silly audit   '@webassemblyjs/ieee754': [ '1.13.2' ],
20 silly audit   '@webassemblyjs/leb128': [ '1.13.2' ],
20 silly audit   '@webassemblyjs/utf8': [ '1.13.2' ],
20 silly audit   '@webassemblyjs/wasm-edit': [ '1.14.1' ],
20 silly audit   '@webassemblyjs/wasm-gen': [ '1.14.1' ],
20 silly audit   '@webassemblyjs/wasm-opt': [ '1.14.1' ],
20 silly audit   '@webassemblyjs/wasm-parser': [ '1.14.1' ],
20 silly audit   '@webassemblyjs/wast-printer': [ '1.14.1' ],
20 silly audit   '@xtuc/ieee754': [ '1.2.0' ],
20 silly audit   '@xtuc/long': [ '4.2.2' ],
20 silly audit   accepts: [ '2.0.0', '1.3.8' ],
20 silly audit   acorn: [ '8.16.0' ],
20 silly audit   'acorn-import-phases': [ '1.0.4' ],
20 silly audit   'acorn-jsx': [ '5.3.2' ],
20 silly audit   'acorn-walk': [ '8.3.5' ],
20 silly audit   'ansi-colors': [ '4.1.3' ],
20 silly audit   'ansi-escapes': [ '4.3.2' ],
20 silly audit   ansis: [ '4.2.0' ],
20 silly audit   anymatch: [ '3.1.3' ],
20 silly audit   picomatch: [ '2.3.1', '4.0.2', '4.0.3' ],
20 silly audit   'app-root-path': [ '3.1.0' ],
20 silly audit   'append-field': [ '1.0.0' ],
20 silly audit   arg: [ '4.1.3' ],
20 silly audit   'array-timsort': [ '1.0.3' ],
20 silly audit   asap: [ '2.0.6' ],
20 silly audit   asynckit: [ '0.4.0' ],
20 silly audit   'available-typed-arrays': [ '1.0.7' ],
20 silly audit   'babel-jest': [ '30.2.0' ],
20 silly audit   'babel-plugin-istanbul': [ '7.0.1' ],
20 silly audit   'babel-plugin-jest-hoist': [ '30.2.0' ],
20 silly audit   'babel-preset-current-node-syntax': [ '1.2.0' ],
20 silly audit   'babel-preset-jest': [ '30.2.0' ],
20 silly audit   'base64-js': [ '1.5.1' ],
20 silly audit   base64id: [ '2.0.0' ],
20 silly audit   'baseline-browser-mapping': [ '2.10.0' ],
20 silly audit   bl: [ '4.1.0' ],
20 silly audit   'body-parser': [ '2.2.2' ],
20 silly audit   bowser: [ '2.14.1' ],
20 silly audit   braces: [ '3.0.3' ],
20 silly audit   browserslist: [ '4.28.1' ],
20 silly audit   'bs-logger': [ '0.2.6' ],
20 silly audit   bser: [ '2.1.1' ],
20 silly audit   buffer: [ '5.7.1', '6.0.3' ],
20 silly audit   'buffer-from': [ '1.1.2' ],
20 silly audit   busboy: [ '1.6.0' ],
20 silly audit   bytes: [ '3.1.2' ],
20 silly audit   'call-bind': [ '1.0.8' ],
20 silly audit   'call-bind-apply-helpers': [ '1.0.2' ],
20 silly audit   'call-bound': [ '1.0.4' ],
20 silly audit   callsites: [ '3.1.0' ],
20 silly audit   camelcase: [ '5.3.1', '6.3.0' ],
20 silly audit   'caniuse-lite': [ '1.0.30001777' ],
20 silly audit   chalk: [ '4.1.2' ],
20 silly audit   'char-regex': [ '1.0.2' ],
20 silly audit   chardet: [ '2.1.1' ],
20 silly audit   chokidar: [ '4.0.3' ],
20 silly audit   'chrome-trace-event': [ '1.0.4' ],
20 silly audit   'ci-info': [ '4.4.0' ],
20 silly audit   'cjs-module-lexer': [ '2.2.0' ],
20 silly audit   'class-transformer': [ '0.5.1' ],
20 silly audit   'class-validator': [ '0.15.1' ],
20 silly audit   'cli-cursor': [ '3.1.0' ],
20 silly audit   'cli-spinners': [ '2.9.2' ],
20 silly audit   'cli-table3': [ '0.6.5' ],
20 silly audit   'cli-width': [ '4.1.0' ],
20 silly audit   cliui: [ '8.0.1' ],
20 silly audit   clone: [ '1.0.4' ],
20 silly audit   'cluster-key-slot': [ '1.1.2' ],
20 silly audit   co: [ '4.6.0' ],
20 silly audit   'collect-v8-coverage': [ '1.0.3' ],
20 silly audit   'color-convert': [ '2.0.1' ],
20 silly audit   'color-name': [ '1.1.4' ],
20 silly audit   'combined-stream': [ '1.0.8' ],
20 silly audit   commander: [ '4.1.1', '2.20.3' ],
20 silly audit   'comment-json': [ '4.4.1' ],
20 silly audit   'component-emitter': [ '1.3.1' ],
20 silly audit   'concat-map': [ '0.0.1' ],
20 silly audit   'concat-stream': [ '2.0.0' ],
20 silly audit   'connect-redis': [ '9.0.0' ],
20 silly audit   consola: [ '3.4.2' ],
20 silly audit   'content-disposition': [ '1.0.1' ],
20 silly audit   'content-type': [ '1.0.5' ],
20 silly audit   'convert-source-map': [ '2.0.0' ],
20 silly audit   cookie: [ '0.7.2' ],
20 silly audit   'cookie-signature': [ '1.2.2', '1.0.7' ],
20 silly audit   cookiejar: [ '2.1.4' ],
20 silly audit   'core-util-is': [ '1.0.3' ],
20 silly audit   cors: [ '2.8.6' ],
20 silly audit   cosmiconfig: [ '8.3.6' ],
20 silly audit   'create-require': [ '1.1.1' ],
20 silly audit   'cross-spawn': [ '7.0.6' ],
20 silly audit   dayjs: [ '1.11.19' ],
20 silly audit   debug: [ '4.4.3', '2.6.9' ],
20 silly audit   dedent: [ '1.7.2' ],
20 silly audit   'deep-is': [ '0.1.4' ],
20 silly audit   deepmerge: [ '4.3.1' ],
20 silly audit   defaults: [ '1.0.4' ],
20 silly audit   'define-data-property': [ '1.1.4' ],
20 silly audit   'delayed-stream': [ '1.0.0' ],
20 silly audit   depd: [ '2.0.0' ],
20 silly audit   'detect-newline': [ '3.1.0' ],
20 silly audit   dezalgo: [ '1.0.4' ],
20 silly audit   diff: [ '4.0.4' ],
20 silly audit   dotenv: [ '17.2.3', '16.6.1' ],
20 silly audit   'dotenv-expand': [ '12.0.3' ],
20 silly audit   'dunder-proto': [ '1.0.1' ],
20 silly audit   eastasianwidth: [ '0.2.0' ],
20 silly audit   'ee-first': [ '1.1.1' ],
20 silly audit   'electron-to-chromium': [ '1.5.307' ],
20 silly audit   emittery: [ '0.13.1' ],
20 silly audit   encodeurl: [ '2.0.0' ],
20 silly audit   'engine.io': [ '6.6.5' ],
20 silly audit   'engine.io-parser': [ '5.2.3' ],
20 silly audit   negotiator: [ '0.6.3', '1.0.0' ],
20 silly audit   'enhanced-resolve': [ '5.20.0' ],
20 silly audit   'error-ex': [ '1.3.4' ],
20 silly audit   'es-define-property': [ '1.0.1' ],
20 silly audit   'es-errors': [ '1.3.0' ],
20 silly audit   'es-module-lexer': [ '2.0.0' ],
20 silly audit   'es-object-atoms': [ '1.1.1' ],
20 silly audit   'es-set-tostringtag': [ '2.1.0' ],
20 silly audit   escalade: [ '3.2.0' ],
20 silly audit   'escape-html': [ '1.0.3' ],
20 silly audit   'escape-string-regexp': [ '4.0.0', '2.0.0' ],
20 silly audit   eslint: [ '9.39.3' ],
20 silly audit   'eslint-config-prettier': [ '10.1.8' ],
20 silly audit   'eslint-plugin-prettier': [ '5.5.5' ],
20 silly audit   espree: [ '10.4.0' ],
20 silly audit   esprima: [ '4.0.1' ],
20 silly audit   esquery: [ '1.7.0' ],
20 silly audit   esrecurse: [ '4.3.0' ],
20 silly audit   esutils: [ '2.0.3' ],
20 silly audit   etag: [ '1.8.1' ],
20 silly audit   events: [ '3.3.0' ],
20 silly audit   execa: [ '5.1.1' ],
20 silly audit   'signal-exit': [ '3.0.7', '4.1.0' ],
20 silly audit   'exit-x': [ '0.2.2' ],
20 silly audit   expect: [ '30.2.0' ],
20 silly audit   express: [ '5.2.1' ],
20 silly audit   'express-session': [ '1.19.0' ],
20 silly audit   ms: [ '2.0.0', '2.1.3' ],
20 silly audit   'fast-deep-equal': [ '3.1.3' ],
20 silly audit   'fast-diff': [ '1.3.0' ],
20 silly audit   'fast-json-stable-stringify': [ '2.1.0' ],
20 silly audit   'fast-levenshtein': [ '2.0.6' ],
20 silly audit   'fast-safe-stringify': [ '2.1.1' ],
20 silly audit   'fast-uri': [ '3.1.0' ],
20 silly audit   'fast-xml-builder': [ '1.0.0' ],
20 silly audit   'fast-xml-parser': [ '5.4.1' ],
20 silly audit   'fb-watchman': [ '2.0.2' ],
20 silly audit   fdir: [ '6.5.0' ],
20 silly audit   'file-entry-cache': [ '8.0.0' ],
20 silly audit   'file-type': [ '21.3.0' ],
20 silly audit   'fill-range': [ '7.1.1' ],
20 silly audit   finalhandler: [ '2.1.1' ],
20 silly audit   'flat-cache': [ '4.0.1' ],
20 silly audit   flatted: [ '3.3.4' ],
20 silly audit   'for-each': [ '0.3.5' ],
20 silly audit   'foreground-child': [ '3.3.1' ],
20 silly audit   'fork-ts-checker-webpack-plugin': [ '9.1.0' ],
20 silly audit   'form-data': [ '4.0.5' ],
20 silly audit   formidable: [ '3.5.4' ],
20 silly audit   forwarded: [ '0.2.0' ],
20 silly audit   fresh: [ '2.0.0' ],
20 silly audit   'fs-extra': [ '10.1.0' ],
20 silly audit   'fs-monkey': [ '1.1.0' ],
20 silly audit   'fs.realpath': [ '1.0.0' ],
20 silly audit   fsevents: [ '2.3.3' ],
20 silly audit   'function-bind': [ '1.1.2' ],
20 silly audit   gensync: [ '1.0.0-beta.2' ],
20 silly audit   'get-caller-file': [ '2.0.5' ],
20 silly audit   'get-intrinsic': [ '1.3.0' ],
20 silly audit   'get-package-type': [ '0.1.0' ],
20 silly audit   'get-proto': [ '1.0.1' ],
20 silly audit   'get-stream': [ '6.0.1' ],
20 silly audit   'glob-parent': [ '6.0.2' ],
20 silly audit   'glob-to-regexp': [ '0.4.1' ],
20 silly audit   gopd: [ '1.2.0' ],
20 silly audit   'graceful-fs': [ '4.2.11' ],
20 silly audit   handlebars: [ '4.7.8' ],
20 silly audit   'source-map': [ '0.6.1', '0.7.4' ],
20 silly audit   'has-flag': [ '4.0.0' ],
20 silly audit   'has-property-descriptors': [ '1.0.2' ],
20 silly audit   'has-symbols': [ '1.1.0' ],
20 silly audit   'has-tostringtag': [ '1.0.2' ],
20 silly audit   hasown: [ '2.0.2' ],
20 silly audit   'html-escaper': [ '2.0.2' ],
20 silly audit   'http-errors': [ '2.0.1' ],
20 silly audit   'human-signals': [ '2.1.0' ],
20 silly audit   'iconv-lite': [ '0.7.2' ],
20 silly audit   ieee754: [ '1.2.1' ],
20 silly audit   'import-fresh': [ '3.3.1' ],
20 silly audit   'import-local': [ '3.2.0' ],
20 silly audit   imurmurhash: [ '0.1.4' ],
20 silly audit   inflight: [ '1.0.6' ],
20 silly audit   inherits: [ '2.0.4' ],
20 silly audit   'ipaddr.js': [ '1.9.1' ],
20 silly audit   'is-arrayish': [ '0.2.1' ],
20 silly audit   'is-callable': [ '1.2.7' ],
20 silly audit   'is-extglob': [ '2.1.1' ],
20 silly audit   'is-fullwidth-code-point': [ '3.0.0' ],
20 silly audit   'is-generator-fn': [ '2.1.0' ],
20 silly audit   'is-glob': [ '4.0.3' ],
20 silly audit   'is-interactive': [ '1.0.0' ],
20 silly audit   'is-number': [ '7.0.0' ],
20 silly audit   'is-promise': [ '4.0.0' ],
20 silly audit   'is-stream': [ '2.0.1' ],
20 silly audit   'is-typed-array': [ '1.1.15' ],
20 silly audit   'is-unicode-supported': [ '0.1.0' ],
20 silly audit   isarray: [ '2.0.5' ],
20 silly audit   isexe: [ '2.0.0' ],
20 silly audit   'istanbul-lib-coverage': [ '3.2.2' ],
20 silly audit   'istanbul-lib-instrument': [ '6.0.3' ],
20 silly audit   'istanbul-lib-report': [ '3.0.1' ],
20 silly audit   'istanbul-lib-source-maps': [ '5.0.6' ],
20 silly audit   'istanbul-reports': [ '3.2.0' ],
20 silly audit   iterare: [ '1.2.1' ],
20 silly audit   jackspeak: [ '3.4.3' ],
20 silly audit   jest: [ '30.2.0' ],
20 silly audit   'jest-changed-files': [ '30.2.0' ],
20 silly audit   'jest-circus': [ '30.2.0' ],
20 silly audit   'jest-cli': [ '30.2.0' ],
20 silly audit   'jest-config': [ '30.2.0' ],
20 silly audit   'jest-diff': [ '30.2.0' ],
20 silly audit   'jest-docblock': [ '30.2.0' ],
20 silly audit   'jest-each': [ '30.2.0' ],
20 silly audit   'jest-environment-node': [ '30.2.0' ],
20 silly audit   'jest-haste-map': [ '30.2.0' ],
20 silly audit   'jest-leak-detector': [ '30.2.0' ],
20 silly audit   'jest-matcher-utils': [ '30.2.0' ],
20 silly audit   'jest-message-util': [ '30.2.0' ],
20 silly audit   'jest-mock': [ '30.2.0' ],
20 silly audit   'jest-pnp-resolver': [ '1.2.3' ],
20 silly audit   'jest-regex-util': [ '30.0.1' ],
20 silly audit   'jest-resolve': [ '30.2.0' ],
20 silly audit   'jest-resolve-dependencies': [ '30.2.0' ],
20 silly audit   'jest-runner': [ '30.2.0' ],
20 silly audit   'source-map-support': [ '0.5.13', '0.5.21' ],
20 silly audit   'jest-runtime': [ '30.2.0' ],
20 silly audit   'jest-snapshot': [ '30.2.0' ],
20 silly audit   'jest-util': [ '30.2.0' ],
20 silly audit   'jest-validate': [ '30.2.0' ],
20 silly audit   'jest-watcher': [ '30.2.0' ],
20 silly audit   'jest-worker': [ '30.2.0', '27.5.1' ],
20 silly audit   'supports-color': [ '8.1.1', '7.2.0' ],
20 silly audit   'js-tokens': [ '4.0.0' ],
20 silly audit   jsesc: [ '3.1.0' ],
20 silly audit   'json-buffer': [ '3.0.1' ],
20 silly audit   'json-parse-even-better-errors': [ '2.3.1' ],
20 silly audit   'json-stable-stringify-without-jsonify': [ '1.0.1' ],
20 silly audit   json5: [ '2.2.3' ],
20 silly audit   'jsonc-parser': [ '3.3.1' ],
20 silly audit   jsonfile: [ '6.2.0' ],
20 silly audit   keyv: [ '4.5.4' ],
20 silly audit   leven: [ '3.1.0' ],
20 silly audit   levn: [ '0.4.1' ],
20 silly audit   'libphonenumber-js': [ '1.12.38' ],
20 silly audit   'lines-and-columns': [ '1.2.4' ],
20 silly audit   'load-esm': [ '1.0.3' ],
20 silly audit   'loader-runner': [ '4.3.1' ],
20 silly audit   lodash: [ '4.17.23' ],
20 silly audit   'lodash.memoize': [ '4.1.2' ],
20 silly audit   'lodash.merge': [ '4.6.2' ],
20 silly audit   'log-symbols': [ '4.1.0' ],
20 silly audit   'magic-string': [ '0.30.17' ],
20 silly audit   'make-dir': [ '4.0.0' ],
20 silly audit   'make-error': [ '1.3.6' ],
20 silly audit   makeerror: [ '1.0.12' ],
20 silly audit   'math-intrinsics': [ '1.1.0' ],
20 silly audit   'media-typer': [ '1.1.0', '0.3.0' ],
20 silly audit   memfs: [ '3.5.3' ],
20 silly audit   'merge-descriptors': [ '2.0.0' ],
20 silly audit   'merge-stream': [ '2.0.0' ],
20 silly audit   methods: [ '1.1.2' ],
20 silly audit   micromatch: [ '4.0.8' ],
20 silly audit   mime: [ '2.6.0' ],
20 silly audit   'mimic-fn': [ '2.1.0' ],
20 silly audit   minimist: [ '1.2.8' ],
20 silly audit   minipass: [ '7.1.3' ],
20 silly audit   multer: [ '2.1.1' ],
20 silly audit   'type-is': [ '1.6.18', '2.0.1' ],
20 silly audit   'mute-stream': [ '2.0.0' ],
20 silly audit   'napi-postinstall': [ '0.3.4' ],
20 silly audit   'natural-compare': [ '1.4.0' ],
20 silly audit   'neo-async': [ '2.6.2' ],
20 silly audit   'node-abort-controller': [ '3.1.1' ],
20 silly audit   'node-emoji': [ '1.11.0' ],
20 silly audit   'node-int64': [ '0.4.0' ],
20 silly audit   'node-releases': [ '2.0.36' ],
20 silly audit   'normalize-path': [ '3.0.0' ],
20 silly audit   'npm-run-path': [ '4.0.1' ],
20 silly audit   'object-assign': [ '4.1.1' ],
20 silly audit   'object-hash': [ '3.0.0' ],
20 silly audit   'object-inspect': [ '1.13.4' ],
20 silly audit   'on-finished': [ '2.4.1' ],
20 silly audit   'on-headers': [ '1.1.0' ],
20 silly audit   once: [ '1.4.0' ],
20 silly audit   onetime: [ '5.1.2' ],
20 silly audit   optionator: [ '0.9.4' ],
20 silly audit   ora: [ '5.4.1' ],
20 silly audit   'p-try': [ '2.2.0' ],
20 silly audit   'package-json-from-dist': [ '1.0.1' ],
20 silly audit   'parent-module': [ '1.0.1' ],
20 silly audit   'parse-json': [ '5.2.0' ],
20 silly audit   parseurl: [ '1.3.3' ],
20 silly audit   'path-exists': [ '4.0.0' ],
20 silly audit   'path-is-absolute': [ '1.0.1' ],
20 silly audit   'path-key': [ '3.1.1' ],
20 silly audit   'path-to-regexp': [ '8.3.0' ],
20 silly audit   'path-type': [ '4.0.0' ],
20 silly audit   pg: [ '8.20.0' ],
20 silly audit   'pg-cloudflare': [ '1.3.0' ],
20 silly audit   'pg-connection-string': [ '2.12.0' ],
20 silly audit   'pg-int8': [ '1.0.1' ],
20 silly audit   'pg-pool': [ '3.13.0' ],
20 silly audit   'pg-protocol': [ '1.13.0' ],
20 silly audit   'pg-types': [ '2.2.0' ],
20 silly audit   pgpass: [ '1.0.5' ],
20 silly audit   picocolors: [ '1.1.1' ],
20 silly audit   pirates: [ '4.0.7' ],
20 silly audit   'pkg-dir': [ '4.2.0' ],
20 silly audit   pluralize: [ '8.0.0' ],
20 silly audit   'possible-typed-array-names': [ '1.1.0' ],
20 silly audit   'postgres-array': [ '2.0.0' ],
20 silly audit   'postgres-bytea': [ '1.0.1' ],
20 silly audit   'postgres-date': [ '1.0.7' ],
20 silly audit   'postgres-interval': [ '1.2.0' ],
20 silly audit   'prelude-ls': [ '1.2.1' ],
20 silly audit   prettier: [ '3.8.1' ],
20 silly audit   'prettier-linter-helpers': [ '1.0.1' ],
20 silly audit   'pretty-format': [ '30.2.0' ],
20 silly audit   'proxy-addr': [ '2.0.7' ],
20 silly audit   punycode: [ '2.3.1' ],
20 silly audit   'pure-rand': [ '7.0.1' ],
20 silly audit   qs: [ '6.15.0' ],
20 silly audit   'random-bytes': [ '1.0.0' ],
20 silly audit   'range-parser': [ '1.2.1' ],
20 silly audit   'raw-body': [ '3.0.2' ],
20 silly audit   'react-is': [ '18.3.1' ],
20 silly audit   'readable-stream': [ '3.6.2' ],
20 silly audit   readdirp: [ '4.1.2' ],
20 silly audit   redis: [ '5.11.0' ],
20 silly audit   'reflect-metadata': [ '0.2.2' ],
20 silly audit   'require-directory': [ '2.1.1' ],
20 silly audit   'require-from-string': [ '2.0.2' ],
20 silly audit   'resolve-cwd': [ '3.0.0' ],
20 silly audit   'restore-cursor': [ '3.1.0' ],
20 silly audit   router: [ '2.2.0' ],
20 silly audit   'safe-buffer': [ '5.2.1' ],
20 silly audit   'safer-buffer': [ '2.1.2' ],
20 silly audit   send: [ '1.2.1' ],
20 silly audit   'serve-static': [ '2.2.1' ],
20 silly audit   'set-function-length': [ '1.2.2' ],
20 silly audit   setprototypeof: [ '1.2.0' ],
20 silly audit   'sha.js': [ '2.4.12' ],
20 silly audit   'shebang-command': [ '2.0.0' ],
20 silly audit   'shebang-regex': [ '3.0.0' ],
20 silly audit   'side-channel': [ '1.1.0' ],
20 silly audit   'side-channel-list': [ '1.0.0' ],
20 silly audit   'side-channel-map': [ '1.0.1' ],
20 silly audit   'side-channel-weakmap': [ '1.0.2' ],
20 silly audit   slash: [ '3.0.0' ],
20 silly audit   'socket.io': [ '4.8.3' ],
20 silly audit   'socket.io-adapter': [ '2.5.6' ],
20 silly audit   'socket.io-parser': [ '4.2.5' ],
20 silly audit   split2: [ '4.2.0' ],
20 silly audit   'sprintf-js': [ '1.0.3' ],
20 silly audit   'sql-highlight': [ '6.1.0' ],
20 silly audit   'stack-utils': [ '2.0.6' ],
20 silly audit   statuses: [ '2.0.2' ],
20 silly audit   streamsearch: [ '1.1.0' ],
20 silly audit   string_decoder: [ '1.3.0' ],
20 silly audit   'string-length': [ '4.0.2' ],
20 silly audit   'strip-bom': [ '4.0.0', '3.0.0' ],
20 silly audit   'strip-final-newline': [ '2.0.0' ],
20 silly audit   'strip-json-comments': [ '3.1.1' ],
20 silly audit   strnum: [ '2.2.0' ],
20 silly audit   strtok3: [ '10.3.4' ],
20 silly audit   superagent: [ '10.3.0' ],
20 silly audit   supertest: [ '7.2.2' ],
20 silly audit   'symbol-observable': [ '4.0.0' ],
20 silly audit   synckit: [ '0.11.12' ],
20 silly audit   tapable: [ '2.3.0' ],
20 silly audit   terser: [ '5.46.0' ],
20 silly audit   'terser-webpack-plugin': [ '5.3.17' ],
20 silly audit   'test-exclude': [ '6.0.0' ],
20 silly audit   tinyglobby: [ '0.2.15' ],
20 silly audit   tmpl: [ '1.0.5' ],
20 silly audit   'to-buffer': [ '1.2.2' ],
20 silly audit   'to-regex-range': [ '5.0.1' ],
20 silly audit   toidentifier: [ '1.0.1' ],
20 silly audit   'token-types': [ '6.1.2' ],
20 silly audit   'ts-api-utils': [ '2.4.0' ],
20 silly audit   'ts-jest': [ '29.4.6' ],
20 silly audit   'type-fest': [ '4.41.0', '0.21.3' ],
20 silly audit   'ts-loader': [ '9.5.4' ],
20 silly audit   'ts-node': [ '10.9.2' ],
20 silly audit   'tsconfig-paths': [ '4.2.0' ],
20 silly audit   'tsconfig-paths-webpack-plugin': [ '4.2.0' ],
20 silly audit   tslib: [ '2.8.1' ],
20 silly audit   'type-check': [ '0.4.0' ],
20 silly audit   'type-detect': [ '4.0.8' ],
20 silly audit   'typed-array-buffer': [ '1.0.3' ],
20 silly audit   typedarray: [ '0.0.6' ],
20 silly audit   typeorm: [ '0.3.28' ],
20 silly audit   typescript: [ '5.9.3' ],
20 silly audit   'typescript-eslint': [ '8.56.1' ],
20 silly audit   'uglify-js': [ '3.19.3' ],
20 silly audit   uid: [ '2.0.2' ],
20 silly audit   'uid-safe': [ '2.1.5' ],
20 silly audit   'uint8array-extras': [ '1.5.0' ],
20 silly audit   'undici-types': [ '6.21.0' ],
20 silly audit   universalify: [ '2.0.1' ],
20 silly audit   unpipe: [ '1.0.0' ],
20 silly audit   'unrs-resolver': [ '1.11.1' ],
20 silly audit   'update-browserslist-db': [ '1.2.3' ],
20 silly audit   'uri-js': [ '4.4.1' ],
20 silly audit   'util-deprecate': [ '1.0.2' ],
20 silly audit   uuid: [ '11.1.0' ],
20 silly audit   'v8-compile-cache-lib': [ '3.0.1' ],
20 silly audit   'v8-to-istanbul': [ '9.3.0' ],
20 silly audit   validator: [ '13.15.26' ],
20 silly audit   vary: [ '1.1.2' ],
20 silly audit   walker: [ '1.0.8' ],
20 silly audit   watchpack: [ '2.5.1' ],
20 silly audit   wcwidth: [ '1.0.1' ],
20 silly audit   'webpack-node-externals': [ '3.0.0' ],
20 silly audit   'webpack-sources': [ '3.3.4' ],
20 silly audit   which: [ '2.0.2' ],
20 silly audit   'which-typed-array': [ '1.1.20' ],
20 silly audit   'word-wrap': [ '1.2.5' ],
20 silly audit   wordwrap: [ '1.0.0' ],
20 silly audit   wrappy: [ '1.0.2' ],
20 silly audit   'write-file-atomic': [ '5.0.1' ],
20 silly audit   ws: [ '8.18.3' ],
20 silly audit   xtend: [ '4.0.2' ],
20 silly audit   y18n: [ '5.0.8' ],
20 silly audit   yallist: [ '3.1.1' ],
20 silly audit   yargs: [ '17.7.2' ],
20 silly audit   'yargs-parser': [ '21.1.1' ],
20 silly audit   yn: [ '3.1.1' ],
20 silly audit   'yocto-queue': [ '0.1.0' ],
20 silly audit   'yoctocolors-cjs': [ '2.1.3' ],
20 silly audit   '@types/express-session': [ '1.18.2' ]
20 silly audit }
21 verbose reify failed optional dependency /Users/forceonetechnologies/Documents/Project Mar/chamba/backend/node_modules/@unrs/resolver-binding-win32-x64-msvc
22 silly reify mark deleted [
22 silly reify   '/Users/forceonetechnologies/Documents/Project Mar/chamba/backend/node_modules/@unrs/resolver-binding-win32-x64-msvc'
22 silly reify ]
23 verbose reify failed optional dependency /Users/forceonetechnologies/Documents/Project Mar/chamba/backend/node_modules/@unrs/resolver-binding-win32-ia32-msvc
24 silly reify mark deleted [
24 silly reify   '/Users/forceonetechnologies/Documents/Project Mar/chamba/backend/node_modules/@unrs/resolver-binding-win32-ia32-msvc'
24 silly reify ]
25 verbose reify failed optional dependency /Users/forceonetechnologies/Documents/Project Mar/chamba/backend/node_modules/@unrs/resolver-binding-win32-arm64-msvc
26 silly reify mark deleted [
26 silly reify   '/Users/forceonetechnologies/Documents/Project Mar/chamba/backend/node_modules/@unrs/resolver-binding-win32-arm64-msvc'
26 silly reify ]
27 verbose reify failed optional dependency /Users/forceonetechnologies/Documents/Project Mar/chamba/backend/node_modules/@unrs/resolver-binding-wasm32-wasi
28 silly reify mark deleted [
28 silly reify   '/Users/forceonetechnologies/Documents/Project Mar/chamba/backend/node_modules/@unrs/resolver-binding-wasm32-wasi'
28 silly reify ]
29 verbose reify failed optional dependency /Users/forceonetechnologies/Documents/Project Mar/chamba/backend/node_modules/@napi-rs/wasm-runtime
30 silly reify mark deleted [
30 silly reify   '/Users/forceonetechnologies/Documents/Project Mar/chamba/backend/node_modules/@napi-rs/wasm-runtime'
30 silly reify ]
31 verbose reify failed optional dependency /Users/forceonetechnologies/Documents/Project Mar/chamba/backend/node_modules/@emnapi/core
32 silly reify mark deleted [
32 silly reify   '/Users/forceonetechnologies/Documents/Project Mar/chamba/backend/node_modules/@emnapi/core'
32 silly reify ]
33 verbose reify failed optional dependency /Users/forceonetechnologies/Documents/Project Mar/chamba/backend/node_modules/@emnapi/runtime
34 silly reify mark deleted [
34 silly reify   '/Users/forceonetechnologies/Documents/Project Mar/chamba/backend/node_modules/@emnapi/runtime'
34 silly reify ]
35 verbose reify failed optional dependency /Users/forceonetechnologies/Documents/Project Mar/chamba/backend/node_modules/@tybys/wasm-util
36 silly reify mark deleted [
36 silly reify   '/Users/forceonetechnologies/Documents/Project Mar/chamba/backend/node_modules/@tybys/wasm-util'
36 silly reify ]
37 verbose reify failed optional dependency /Users/forceonetechnologies/Documents/Project Mar/chamba/backend/node_modules/@emnapi/wasi-threads
38 silly reify mark deleted [
38 silly reify   '/Users/forceonetechnologies/Documents/Project Mar/chamba/backend/node_modules/@emnapi/wasi-threads'
38 silly reify ]
39 verbose reify failed optional dependency /Users/forceonetechnologies/Documents/Project Mar/chamba/backend/node_modules/@unrs/resolver-binding-linux-x64-musl
40 silly reify mark deleted [
40 silly reify   '/Users/forceonetechnologies/Documents/Project Mar/chamba/backend/node_modules/@unrs/resolver-binding-linux-x64-musl'
40 silly reify ]
41 verbose reify failed optional dependency /Users/forceonetechnologies/Documents/Project Mar/chamba/backend/node_modules/@unrs/resolver-binding-linux-x64-gnu
42 silly reify mark deleted [
42 silly reify   '/Users/forceonetechnologies/Documents/Project Mar/chamba/backend/node_modules/@unrs/resolver-binding-linux-x64-gnu'
42 silly reify ]
43 verbose reify failed optional dependency /Users/forceonetechnologies/Documents/Project Mar/chamba/backend/node_modules/@unrs/resolver-binding-linux-s390x-gnu
44 silly reify mark deleted [
44 silly reify   '/Users/forceonetechnologies/Documents/Project Mar/chamba/backend/node_modules/@unrs/resolver-binding-linux-s390x-gnu'
44 silly reify ]
45 verbose reify failed optional dependency /Users/forceonetechnologies/Documents/Project Mar/chamba/backend/node_modules/@unrs/resolver-binding-linux-riscv64-musl
46 silly reify mark deleted [
46 silly reify   '/Users/forceonetechnologies/Documents/Project Mar/chamba/backend/node_modules/@unrs/resolver-binding-linux-riscv64-musl'
46 silly reify ]
47 verbose reify failed optional dependency /Users/forceonetechnologies/Documents/Project Mar/chamba/backend/node_modules/@unrs/resolver-binding-linux-riscv64-gnu
48 silly reify mark deleted [
48 silly reify   '/Users/forceonetechnologies/Documents/Project Mar/chamba/backend/node_modules/@unrs/resolver-binding-linux-riscv64-gnu'
48 silly reify ]
49 verbose reify failed optional dependency /Users/forceonetechnologies/Documents/Project Mar/chamba/backend/node_modules/@unrs/resolver-binding-linux-ppc64-gnu
50 silly reify mark deleted [
50 silly reify   '/Users/forceonetechnologies/Documents/Project Mar/chamba/backend/node_modules/@unrs/resolver-binding-linux-ppc64-gnu'
50 silly reify ]
51 verbose reify failed optional dependency /Users/forceonetechnologies/Documents/Project Mar/chamba/backend/node_modules/@unrs/resolver-binding-linux-arm64-musl
52 silly reify mark deleted [
52 silly reify   '/Users/forceonetechnologies/Documents/Project Mar/chamba/backend/node_modules/@unrs/resolver-binding-linux-arm64-musl'
52 silly reify ]
53 verbose reify failed optional dependency /Users/forceonetechnologies/Documents/Project Mar/chamba/backend/node_modules/@unrs/resolver-binding-linux-arm64-gnu
54 silly reify mark deleted [
54 silly reify   '/Users/forceonetechnologies/Documents/Project Mar/chamba/backend/node_modules/@unrs/resolver-binding-linux-arm64-gnu'
54 silly reify ]
55 verbose reify failed optional dependency /Users/forceonetechnologies/Documents/Project Mar/chamba/backend/node_modules/@unrs/resolver-binding-linux-arm-musleabihf
56 silly reify mark deleted [
56 silly reify   '/Users/forceonetechnologies/Documents/Project Mar/chamba/backend/node_modules/@unrs/resolver-binding-linux-arm-musleabihf'
56 silly reify ]
57 verbose reify failed optional dependency /Users/forceonetechnologies/Documents/Project Mar/chamba/backend/node_modules/@unrs/resolver-binding-linux-arm-gnueabihf
58 silly reify mark deleted [
58 silly reify   '/Users/forceonetechnologies/Documents/Project Mar/chamba/backend/node_modules/@unrs/resolver-binding-linux-arm-gnueabihf'
58 silly reify ]
59 verbose reify failed optional dependency /Users/forceonetechnologies/Documents/Project Mar/chamba/backend/node_modules/@unrs/resolver-binding-freebsd-x64
60 silly reify mark deleted [
60 silly reify   '/Users/forceonetechnologies/Documents/Project Mar/chamba/backend/node_modules/@unrs/resolver-binding-freebsd-x64'
60 silly reify ]
61 verbose reify failed optional dependency /Users/forceonetechnologies/Documents/Project Mar/chamba/backend/node_modules/@unrs/resolver-binding-darwin-x64
62 silly reify mark deleted [
62 silly reify   '/Users/forceonetechnologies/Documents/Project Mar/chamba/backend/node_modules/@unrs/resolver-binding-darwin-x64'
62 silly reify ]
63 verbose reify failed optional dependency /Users/forceonetechnologies/Documents/Project Mar/chamba/backend/node_modules/@unrs/resolver-binding-android-arm64
64 silly reify mark deleted [
64 silly reify   '/Users/forceonetechnologies/Documents/Project Mar/chamba/backend/node_modules/@unrs/resolver-binding-android-arm64'
64 silly reify ]
65 verbose reify failed optional dependency /Users/forceonetechnologies/Documents/Project Mar/chamba/backend/node_modules/@unrs/resolver-binding-android-arm-eabi
66 silly reify mark deleted [
66 silly reify   '/Users/forceonetechnologies/Documents/Project Mar/chamba/backend/node_modules/@unrs/resolver-binding-android-arm-eabi'
66 silly reify ]
67 http cache @types/express-session@https://registry.npmjs.org/@types/express-session/-/express-session-1.18.2.tgz 0ms (cache hit)
68 http cache @napi-rs/wasm-runtime@https://registry.npmjs.org/@napi-rs/wasm-runtime/-/wasm-runtime-0.2.12.tgz 0ms (cache hit)
69 http cache @emnapi/runtime@https://registry.npmjs.org/@emnapi/runtime/-/runtime-1.8.1.tgz 0ms (cache hit)
70 http cache @tybys/wasm-util@https://registry.npmjs.org/@tybys/wasm-util/-/wasm-util-0.10.1.tgz 0ms (cache hit)
71 http cache @emnapi/wasi-threads@https://registry.npmjs.org/@emnapi/wasi-threads/-/wasi-threads-1.1.0.tgz 0ms (cache hit)
72 silly tarball no local data for @types/express-session@https://registry.npmjs.org/@types/express-session/-/express-session-1.18.2.tgz. Extracting by manifest.
73 http cache @emnapi/core@https://registry.npmjs.org/@emnapi/core/-/core-1.8.1.tgz 0ms (cache hit)
74 http fetch POST 200 https://registry.npmjs.org/-/npm/v1/security/advisories/bulk 267ms
75 silly audit report {
75 silly audit report   ajv: [
75 silly audit report     {
75 silly audit report       id: 1113715,
75 silly audit report       url: 'https://github.com/advisories/GHSA-2g4f-4pwh-qvx6',
75 silly audit report       title: 'ajv has ReDoS when using `$data` option',
75 silly audit report       severity: 'moderate',
75 silly audit report       vulnerable_versions: '>=7.0.0-alpha.0 <8.18.0',
75 silly audit report       cwe: [Array],
75 silly audit report       cvss: [Object]
75 silly audit report     }
75 silly audit report   ]
75 silly audit report }
76 silly packumentCache corgi:https://registry.npmjs.org/ajv cache-miss
77 http cache https://registry.npmjs.org/ajv 11ms (cache hit)
78 silly packumentCache corgi:https://registry.npmjs.org/ajv set size:464537 disposed:false
79 silly packumentCache corgi:https://registry.npmjs.org/@angular-devkit%2fcore cache-miss
80 http cache https://registry.npmjs.org/@angular-devkit%2fcore 4ms (cache hit)
81 silly packumentCache corgi:https://registry.npmjs.org/@angular-devkit%2fcore set size:1237536 disposed:false
82 silly packumentCache corgi:https://registry.npmjs.org/@angular-devkit%2fschematics cache-miss
83 silly packumentCache corgi:https://registry.npmjs.org/@angular-devkit%2fschematics-cli cache-miss
84 silly packumentCache corgi:https://registry.npmjs.org/@nestjs%2fcli cache-miss
85 silly packumentCache corgi:https://registry.npmjs.org/@nestjs%2fschematics cache-miss
86 http cache https://registry.npmjs.org/@angular-devkit%2fschematics-cli 7ms (cache hit)
87 silly packumentCache corgi:https://registry.npmjs.org/@angular-devkit%2fschematics-cli set size:1305044 disposed:false
88 http cache https://registry.npmjs.org/@angular-devkit%2fschematics 15ms (cache hit)
89 silly packumentCache corgi:https://registry.npmjs.org/@angular-devkit%2fschematics set size:1205409 disposed:false
90 http cache https://registry.npmjs.org/@nestjs%2fcli 20ms (cache hit)
91 silly packumentCache corgi:https://registry.npmjs.org/@nestjs%2fcli set size:552766 disposed:false
92 http cache https://registry.npmjs.org/@nestjs%2fschematics 23ms (cache hit)
93 silly packumentCache corgi:https://registry.npmjs.org/@nestjs%2fschematics set size:253099 disposed:false
94 http fetch GET 200 https://registry.npmjs.org/@types/express-session/-/express-session-1.18.2.tgz 341ms (cache miss)
95 silly ADD node_modules/@types/express-session
96 silly ADD
97 silly ADD
98 silly ADD
99 silly ADD
100 silly ADD
101 silly ADD
102 silly ADD
103 silly ADD
104 silly ADD
105 silly ADD
106 silly ADD
107 silly ADD
108 silly ADD
109 silly ADD
110 silly ADD
111 silly ADD
112 silly ADD
113 silly ADD
114 silly ADD
115 silly ADD
116 silly ADD
117 silly ADD
118 silly ADD
119 verbose cwd /Users/forceonetechnologies/Documents/Project Mar/chamba/backend
120 verbose os Darwin 25.3.0
121 verbose node v22.14.0
122 verbose npm  v10.9.2
123 verbose exit 0
124 info ok
