0 verbose cli /usr/local/bin/node /usr/local/bin/npm
1 info using npm@10.9.2
2 info using node@v22.14.0
3 silly config load:file:/usr/local/lib/node_modules/npm/npmrc
4 silly config load:file:/Users/forceonetechnologies/Documents/Project Mar/chamba/backend/.npmrc
5 silly config load:file:/Users/forceonetechnologies/.npmrc
6 silly config load:file:/usr/local/etc/npmrc
7 verbose title npm install joi
8 verbose argv "install" "joi"
9 verbose logfile logs-max:10 dir:/Users/forceonetechnologies/Documents/Project Mar/chamba/.npm-cache/_logs/2026-03-06T17_47_10_412Z-
10 verbose logfile /Users/forceonetechnologies/Documents/Project Mar/chamba/.npm-cache/_logs/2026-03-06T17_47_10_412Z-debug-0.log
11 silly logfile done cleaning log files
12 silly packumentCache heap:4345298944 maxSize:1086324736 maxEntrySize:543162368
13 silly idealTree buildDeps
14 silly fetch manifest joi@*
15 silly packumentCache full:https://registry.npmjs.org/joi cache-miss
16 http fetch GET 200 https://registry.npmjs.org/joi 680ms (cache miss)
17 silly packumentCache full:https://registry.npmjs.org/joi set size:undefined disposed:false
18 silly placeDep ROOT joi@18.0.2 OK for: backend@0.0.1 want: *
19 silly fetch manifest @hapi/address@^5.1.1
20 silly packumentCache full:https://registry.npmjs.org/@hapi%2faddress cache-miss
21 silly fetch manifest @hapi/formula@^3.0.2
22 silly packumentCache full:https://registry.npmjs.org/@hapi%2fformula cache-miss
23 silly fetch manifest @hapi/hoek@^11.0.7
24 silly packumentCache full:https://registry.npmjs.org/@hapi%2fhoek cache-miss
25 silly fetch manifest @hapi/pinpoint@^2.0.1
26 silly packumentCache full:https://registry.npmjs.org/@hapi%2fpinpoint cache-miss
27 silly fetch manifest @hapi/tlds@^1.1.1
28 silly packumentCache full:https://registry.npmjs.org/@hapi%2ftlds cache-miss
29 silly fetch manifest @hapi/topo@^6.0.2
30 silly packumentCache full:https://registry.npmjs.org/@hapi%2ftopo cache-miss
31 silly fetch manifest @standard-schema/spec@^1.0.0
32 silly packumentCache full:https://registry.npmjs.org/@standard-schema%2fspec cache-miss
33 http fetch GET 200 https://registry.npmjs.org/@standard-schema%2fspec 378ms (cache miss)
34 silly packumentCache full:https://registry.npmjs.org/@standard-schema%2fspec set size:undefined disposed:false
35 http fetch GET 200 https://registry.npmjs.org/@hapi%2ftopo 381ms (cache miss)
36 silly packumentCache full:https://registry.npmjs.org/@hapi%2ftopo set size:undefined disposed:false
37 http fetch GET 200 https://registry.npmjs.org/@hapi%2fhoek 405ms (cache miss)
38 silly packumentCache full:https://registry.npmjs.org/@hapi%2fhoek set size:undefined disposed:false
39 http fetch GET 200 https://registry.npmjs.org/@hapi%2faddress 589ms (cache miss)
40 silly packumentCache full:https://registry.npmjs.org/@hapi%2faddress set size:undefined disposed:false
41 http fetch GET 200 https://registry.npmjs.org/@hapi%2ftlds 816ms (cache miss)
42 silly packumentCache full:https://registry.npmjs.org/@hapi%2ftlds set size:undefined disposed:false
43 http fetch GET 200 https://registry.npmjs.org/@hapi%2fpinpoint 1003ms (cache miss)
44 silly packumentCache full:https://registry.npmjs.org/@hapi%2fpinpoint set size:undefined disposed:false
45 http fetch GET 200 https://registry.npmjs.org/@hapi%2fformula 1008ms (cache miss)
46 silly packumentCache full:https://registry.npmjs.org/@hapi%2fformula set size:undefined disposed:false
47 silly placeDep ROOT @hapi/address@5.1.1 OK for: joi@18.0.2 want: ^5.1.1
48 silly placeDep ROOT @hapi/formula@3.0.2 OK for: joi@18.0.2 want: ^3.0.2
49 silly placeDep ROOT @hapi/hoek@11.0.7 OK for: joi@18.0.2 want: ^11.0.7
50 silly placeDep ROOT @hapi/pinpoint@2.0.1 OK for: joi@18.0.2 want: ^2.0.1
51 silly placeDep ROOT @hapi/tlds@1.1.6 OK for: joi@18.0.2 want: ^1.1.1
52 silly placeDep ROOT @hapi/topo@6.0.2 OK for: joi@18.0.2 want: ^6.0.2
53 silly placeDep ROOT @standard-schema/spec@1.1.0 OK for: joi@18.0.2 want: ^1.0.0
54 silly fetch manifest @hapi/hoek@^11.0.2
55 silly packumentCache full:https://registry.npmjs.org/@hapi%2fhoek cache-miss
56 http cache https://registry.npmjs.org/@hapi%2fhoek 5ms (cache hit)
57 silly packumentCache full:https://registry.npmjs.org/@hapi%2fhoek set size:121527 disposed:false
58 silly reify moves {}
59 silly audit bulk request {
59 silly audit   '@angular-devkit/core': [ '19.2.19', '19.2.17' ],
59 silly audit   ajv: [ '8.17.1', '8.18.0', '6.14.0' ],
59 silly audit   'json-schema-traverse': [ '1.0.0', '0.4.1' ],
59 silly audit   rxjs: [ '7.8.1', '7.8.2' ],
59 silly audit   '@angular-devkit/schematics': [ '19.2.19', '19.2.17' ],
59 silly audit   '@angular-devkit/schematics-cli': [ '19.2.19' ],
59 silly audit   '@inquirer/prompts': [ '7.3.2', '7.10.1' ],
59 silly audit   '@aws-crypto/crc32': [ '5.2.0' ],
59 silly audit   '@aws-crypto/crc32c': [ '5.2.0' ],
59 silly audit   '@aws-crypto/sha1-browser': [ '5.2.0' ],
59 silly audit   '@smithy/is-array-buffer': [ '2.2.0', '4.2.2' ],
59 silly audit   '@smithy/util-buffer-from': [ '2.2.0', '4.2.2' ],
59 silly audit   '@smithy/util-utf8': [ '2.3.0', '4.2.2' ],
59 silly audit   '@aws-crypto/sha256-browser': [ '5.2.0' ],
59 silly audit   '@aws-crypto/sha256-js': [ '5.2.0' ],
59 silly audit   '@aws-crypto/supports-web-crypto': [ '5.2.0' ],
59 silly audit   '@aws-crypto/util': [ '5.2.0' ],
59 silly audit   '@aws-sdk/client-s3': [ '3.1003.0' ],
59 silly audit   '@aws-sdk/core': [ '3.973.18' ],
59 silly audit   '@aws-sdk/crc64-nvme': [ '3.972.4' ],
59 silly audit   '@aws-sdk/credential-provider-env': [ '3.972.16' ],
59 silly audit   '@aws-sdk/credential-provider-http': [ '3.972.18' ],
59 silly audit   '@aws-sdk/credential-provider-ini': [ '3.972.16' ],
59 silly audit   '@aws-sdk/credential-provider-login': [ '3.972.16' ],
59 silly audit   '@aws-sdk/credential-provider-node': [ '3.972.17' ],
59 silly audit   '@aws-sdk/credential-provider-process': [ '3.972.16' ],
59 silly audit   '@aws-sdk/credential-provider-sso': [ '3.972.16' ],
59 silly audit   '@aws-sdk/credential-provider-web-identity': [ '3.972.16' ],
59 silly audit   '@aws-sdk/middleware-bucket-endpoint': [ '3.972.7' ],
59 silly audit   '@aws-sdk/middleware-expect-continue': [ '3.972.7' ],
59 silly audit   '@aws-sdk/middleware-flexible-checksums': [ '3.973.4' ],
59 silly audit   '@aws-sdk/middleware-host-header': [ '3.972.7' ],
59 silly audit   '@aws-sdk/middleware-location-constraint': [ '3.972.7' ],
59 silly audit   '@aws-sdk/middleware-logger': [ '3.972.7' ],
59 silly audit   '@aws-sdk/middleware-recursion-detection': [ '3.972.7' ],
59 silly audit   '@aws-sdk/middleware-sdk-s3': [ '3.972.18' ],
59 silly audit   '@aws-sdk/middleware-ssec': [ '3.972.7' ],
59 silly audit   '@aws-sdk/middleware-user-agent': [ '3.972.18' ],
59 silly audit   '@aws-sdk/nested-clients': [ '3.996.6' ],
59 silly audit   '@aws-sdk/region-config-resolver': [ '3.972.7' ],
59 silly audit   '@aws-sdk/signature-v4-multi-region': [ '3.996.6' ],
59 silly audit   '@aws-sdk/token-providers': [ '3.1003.0' ],
59 silly audit   '@aws-sdk/types': [ '3.973.5' ],
59 silly audit   '@aws-sdk/util-arn-parser': [ '3.972.3' ],
59 silly audit   '@aws-sdk/util-endpoints': [ '3.996.4' ],
59 silly audit   '@aws-sdk/util-locate-window': [ '3.965.5' ],
59 silly audit   '@aws-sdk/util-user-agent-browser': [ '3.972.7' ],
59 silly audit   '@aws-sdk/util-user-agent-node': [ '3.973.3' ],
59 silly audit   '@aws-sdk/xml-builder': [ '3.972.10' ],
59 silly audit   '@aws/lambda-invoke-store': [ '0.2.3' ],
59 silly audit   '@babel/code-frame': [ '7.29.0' ],
59 silly audit   '@babel/compat-data': [ '7.29.0' ],
59 silly audit   '@babel/core': [ '7.29.0' ],
59 silly audit   semver: [ '6.3.1', '7.7.4' ],
59 silly audit   '@babel/generator': [ '7.29.1' ],
59 silly audit   '@babel/helper-compilation-targets': [ '7.28.6' ],
59 silly audit   '@babel/helper-globals': [ '7.28.0' ],
59 silly audit   '@babel/helper-module-imports': [ '7.28.6' ],
59 silly audit   '@babel/helper-module-transforms': [ '7.28.6' ],
59 silly audit   '@babel/helper-plugin-utils': [ '7.28.6' ],
59 silly audit   '@babel/helper-string-parser': [ '7.27.1' ],
59 silly audit   '@babel/helper-validator-identifier': [ '7.28.5' ],
59 silly audit   '@babel/helper-validator-option': [ '7.27.1' ],
59 silly audit   '@babel/helpers': [ '7.28.6' ],
59 silly audit   '@babel/parser': [ '7.29.0' ],
59 silly audit   '@babel/plugin-syntax-async-generators': [ '7.8.4' ],
59 silly audit   '@babel/plugin-syntax-bigint': [ '7.8.3' ],
59 silly audit   '@babel/plugin-syntax-class-properties': [ '7.12.13' ],
59 silly audit   '@babel/plugin-syntax-class-static-block': [ '7.14.5' ],
59 silly audit   '@babel/plugin-syntax-import-attributes': [ '7.28.6' ],
59 silly audit   '@babel/plugin-syntax-import-meta': [ '7.10.4' ],
59 silly audit   '@babel/plugin-syntax-json-strings': [ '7.8.3' ],
59 silly audit   '@babel/plugin-syntax-jsx': [ '7.28.6' ],
59 silly audit   '@babel/plugin-syntax-logical-assignment-operators': [ '7.10.4' ],
59 silly audit   '@babel/plugin-syntax-nullish-coalescing-operator': [ '7.8.3' ],
59 silly audit   '@babel/plugin-syntax-numeric-separator': [ '7.10.4' ],
59 silly audit   '@babel/plugin-syntax-object-rest-spread': [ '7.8.3' ],
59 silly audit   '@babel/plugin-syntax-optional-catch-binding': [ '7.8.3' ],
59 silly audit   '@babel/plugin-syntax-optional-chaining': [ '7.8.3' ],
59 silly audit   '@babel/plugin-syntax-private-property-in-object': [ '7.14.5' ],
59 silly audit   '@babel/plugin-syntax-top-level-await': [ '7.14.5' ],
59 silly audit   '@babel/plugin-syntax-typescript': [ '7.28.6' ],
59 silly audit   '@babel/template': [ '7.28.6' ],
59 silly audit   '@babel/traverse': [ '7.29.0' ],
59 silly audit   '@babel/types': [ '7.29.0' ],
59 silly audit   '@bcoe/v8-coverage': [ '0.2.3' ],
59 silly audit   '@borewit/text-codec': [ '0.2.1' ],
59 silly audit   '@colors/colors': [ '1.5.0' ],
59 silly audit   '@cspotcode/source-map-support': [ '0.8.1' ],
59 silly audit   '@jridgewell/trace-mapping': [ '0.3.9', '0.3.31' ],
59 silly audit   '@emnapi/core': [ '1.8.1' ],
59 silly audit   '@emnapi/runtime': [ '1.8.1' ],
59 silly audit   '@emnapi/wasi-threads': [ '1.1.0' ],
59 silly audit   '@eslint-community/eslint-utils': [ '4.9.1' ],
59 silly audit   'eslint-visitor-keys': [ '3.4.3', '5.0.1', '4.2.1' ],
59 silly audit   '@eslint-community/regexpp': [ '4.12.2' ],
59 silly audit   '@eslint/config-array': [ '0.21.1' ],
59 silly audit   '@eslint/config-helpers': [ '0.4.2' ],
59 silly audit   '@eslint/core': [ '0.17.0' ],
59 silly audit   '@eslint/eslintrc': [ '3.3.4' ],
59 silly audit   globals: [ '14.0.0', '16.5.0' ],
59 silly audit   '@eslint/js': [ '9.39.3' ],
59 silly audit   '@eslint/object-schema': [ '2.1.7' ],
59 silly audit   '@eslint/plugin-kit': [ '0.4.1' ],
59 silly audit   '@humanfs/core': [ '0.19.1' ],
59 silly audit   '@humanfs/node': [ '0.16.7' ],
59 silly audit   '@humanwhocodes/module-importer': [ '1.0.1' ],
59 silly audit   '@humanwhocodes/retry': [ '0.4.3' ],
59 silly audit   '@inquirer/ansi': [ '1.0.2' ],
59 silly audit   '@inquirer/checkbox': [ '4.3.2' ],
59 silly audit   '@inquirer/confirm': [ '5.1.21' ],
59 silly audit   '@inquirer/core': [ '10.3.2' ],
59 silly audit   '@inquirer/editor': [ '4.2.23' ],
59 silly audit   '@inquirer/expand': [ '4.0.23' ],
59 silly audit   '@inquirer/external-editor': [ '1.0.3' ],
59 silly audit   '@inquirer/figures': [ '1.0.15' ],
59 silly audit   '@inquirer/input': [ '4.3.1' ],
59 silly audit   '@inquirer/number': [ '3.0.23' ],
59 silly audit   '@inquirer/password': [ '4.0.23' ],
59 silly audit   '@inquirer/rawlist': [ '4.1.11' ],
59 silly audit   '@inquirer/search': [ '3.2.2' ],
59 silly audit   '@inquirer/select': [ '4.4.2' ],
59 silly audit   '@inquirer/type': [ '3.0.10' ],
59 silly audit   '@isaacs/cliui': [ '8.0.2' ],
59 silly audit   'ansi-regex': [ '6.2.2', '5.0.1' ],
59 silly audit   'ansi-styles': [ '6.2.3', '4.3.0', '5.2.0' ],
59 silly audit   'emoji-regex': [ '9.2.2', '8.0.0' ],
59 silly audit   'string-width': [ '5.1.2', '4.2.3' ],
59 silly audit   'strip-ansi': [ '7.2.0', '6.0.1' ],
59 silly audit   'wrap-ansi': [ '8.1.0', '7.0.0', '6.2.0' ],
59 silly audit   '@istanbuljs/load-nyc-config': [ '1.1.0' ],
59 silly audit   argparse: [ '1.0.10', '2.0.1' ],
59 silly audit   'find-up': [ '4.1.0', '5.0.0' ],
59 silly audit   'js-yaml': [ '3.14.2', '4.1.1' ],
59 silly audit   'locate-path': [ '5.0.0', '6.0.0' ],
59 silly audit   'p-limit': [ '2.3.0', '3.1.0' ],
59 silly audit   'p-locate': [ '4.1.0', '5.0.0' ],
59 silly audit   'resolve-from': [ '5.0.0', '4.0.0' ],
59 silly audit   '@istanbuljs/schema': [ '0.1.3' ],
59 silly audit   '@jest/console': [ '30.2.0' ],
59 silly audit   '@jest/core': [ '30.2.0' ],
59 silly audit   '@jest/diff-sequences': [ '30.0.1' ],
59 silly audit   '@jest/environment': [ '30.2.0' ],
59 silly audit   '@jest/expect': [ '30.2.0' ],
59 silly audit   '@jest/expect-utils': [ '30.2.0' ],
59 silly audit   '@jest/fake-timers': [ '30.2.0' ],
59 silly audit   '@jest/get-type': [ '30.1.0' ],
59 silly audit   '@jest/globals': [ '30.2.0' ],
59 silly audit   '@jest/pattern': [ '30.0.1' ],
59 silly audit   '@jest/reporters': [ '30.2.0' ],
59 silly audit   'brace-expansion': [ '2.0.2', '5.0.4', '1.1.12' ],
59 silly audit   glob: [ '10.5.0', '13.0.0', '7.2.3' ],
59 silly audit   'lru-cache': [ '10.4.3', '5.1.1', '11.2.6' ],
59 silly audit   minimatch: [ '9.0.9', '10.2.4', '3.1.5' ],
59 silly audit   'path-scurry': [ '1.11.1', '2.0.2' ],
59 silly audit   '@jest/schemas': [ '30.0.5' ],
59 silly audit   '@jest/snapshot-utils': [ '30.2.0' ],
59 silly audit   '@jest/source-map': [ '30.0.1' ],
59 silly audit   '@jest/test-result': [ '30.2.0' ],
59 silly audit   '@jest/test-sequencer': [ '30.2.0' ],
59 silly audit   '@jest/transform': [ '30.2.0' ],
59 silly audit   '@jest/types': [ '30.2.0' ],
59 silly audit   '@jridgewell/gen-mapping': [ '0.3.13' ],
59 silly audit   '@jridgewell/remapping': [ '2.3.5' ],
59 silly audit   '@jridgewell/resolve-uri': [ '3.1.2' ],
59 silly audit   '@jridgewell/source-map': [ '0.3.11' ],
59 silly audit   '@jridgewell/sourcemap-codec': [ '1.5.5' ],
59 silly audit   '@lukeed/csprng': [ '1.1.0' ],
59 silly audit   '@napi-rs/wasm-runtime': [ '0.2.12' ],
59 silly audit   '@nestjs/cli': [ '11.0.16' ],
59 silly audit   'ajv-formats': [ '2.1.1', '3.0.1' ],
59 silly audit   'ajv-keywords': [ '5.1.0', '3.5.2' ],
59 silly audit   'eslint-scope': [ '5.1.1', '8.4.0' ],
59 silly audit   estraverse: [ '4.3.0', '5.3.0' ],
59 silly audit   'mime-db': [ '1.52.0', '1.54.0' ],
59 silly audit   'mime-types': [ '2.1.35', '3.0.2' ],
59 silly audit   'schema-utils': [ '4.3.3', '3.3.0' ],
59 silly audit   webpack: [ '5.104.1', '5.105.4' ],
59 silly audit   '@nestjs/common': [ '11.1.16' ],
59 silly audit   '@nestjs/config': [ '4.0.3' ],
59 silly audit   '@nestjs/core': [ '11.1.16' ],
59 silly audit   '@nestjs/platform-express': [ '11.1.16' ],
59 silly audit   '@nestjs/platform-socket.io': [ '11.1.16' ],
59 silly audit   '@nestjs/schematics': [ '11.0.9' ],
59 silly audit   '@nestjs/testing': [ '11.1.16' ],
59 silly audit   '@nestjs/typeorm': [ '11.0.0' ],
59 silly audit   '@nestjs/websockets': [ '11.1.16' ],
59 silly audit   '@noble/hashes': [ '1.8.0' ],
59 silly audit   '@nuxt/opencollective': [ '0.4.1' ],
59 silly audit   '@paralleldrive/cuid2': [ '2.3.1' ],
59 silly audit   '@pkgjs/parseargs': [ '0.11.0' ],
59 silly audit   '@pkgr/core': [ '0.2.9' ],
59 silly audit   '@redis/bloom': [ '5.11.0' ],
59 silly audit   '@redis/client': [ '5.11.0' ],
59 silly audit   '@redis/json': [ '5.11.0' ],
59 silly audit   '@redis/search': [ '5.11.0' ],
59 silly audit   '@redis/time-series': [ '5.11.0' ],
59 silly audit   '@sinclair/typebox': [ '0.34.48' ],
59 silly audit   '@sinonjs/commons': [ '3.0.1' ],
59 silly audit   '@sinonjs/fake-timers': [ '13.0.5' ],
59 silly audit   '@smithy/abort-controller': [ '4.2.11' ],
59 silly audit   '@smithy/chunked-blob-reader': [ '5.2.2' ],
59 silly audit   '@smithy/chunked-blob-reader-native': [ '4.2.3' ],
59 silly audit   '@smithy/config-resolver': [ '4.4.10' ],
59 silly audit   '@smithy/core': [ '3.23.8' ],
59 silly audit   '@smithy/credential-provider-imds': [ '4.2.11' ],
59 silly audit   '@smithy/eventstream-codec': [ '4.2.11' ],
59 silly audit   '@smithy/eventstream-serde-browser': [ '4.2.11' ],
59 silly audit   '@smithy/eventstream-serde-config-resolver': [ '4.3.11' ],
59 silly audit   '@smithy/eventstream-serde-node': [ '4.2.11' ],
59 silly audit   '@smithy/eventstream-serde-universal': [ '4.2.11' ],
59 silly audit   '@smithy/fetch-http-handler': [ '5.3.13' ],
59 silly audit   '@smithy/hash-blob-browser': [ '4.2.12' ],
59 silly audit   '@smithy/hash-node': [ '4.2.11' ],
59 silly audit   '@smithy/hash-stream-node': [ '4.2.11' ],
59 silly audit   '@smithy/invalid-dependency': [ '4.2.11' ],
59 silly audit   '@smithy/md5-js': [ '4.2.11' ],
59 silly audit   '@smithy/middleware-content-length': [ '4.2.11' ],
59 silly audit   '@smithy/middleware-endpoint': [ '4.4.22' ],
59 silly audit   '@smithy/middleware-retry': [ '4.4.39' ],
59 silly audit   '@smithy/middleware-serde': [ '4.2.12' ],
59 silly audit   '@smithy/middleware-stack': [ '4.2.11' ],
59 silly audit   '@smithy/node-config-provider': [ '4.3.11' ],
59 silly audit   '@smithy/node-http-handler': [ '4.4.14' ],
59 silly audit   '@smithy/property-provider': [ '4.2.11' ],
59 silly audit   '@smithy/protocol-http': [ '5.3.11' ],
59 silly audit   '@smithy/querystring-builder': [ '4.2.11' ],
59 silly audit   '@smithy/querystring-parser': [ '4.2.11' ],
59 silly audit   '@smithy/service-error-classification': [ '4.2.11' ],
59 silly audit   '@smithy/shared-ini-file-loader': [ '4.4.6' ],
59 silly audit   '@smithy/signature-v4': [ '5.3.11' ],
59 silly audit   '@smithy/smithy-client': [ '4.12.2' ],
59 silly audit   '@smithy/types': [ '4.13.0' ],
59 silly audit   '@smithy/url-parser': [ '4.2.11' ],
59 silly audit   '@smithy/util-base64': [ '4.3.2' ],
59 silly audit   '@smithy/util-body-length-browser': [ '4.2.2' ],
59 silly audit   '@smithy/util-body-length-node': [ '4.2.3' ],
59 silly audit   '@smithy/util-config-provider': [ '4.2.2' ],
59 silly audit   '@smithy/util-defaults-mode-browser': [ '4.3.38' ],
59 silly audit   '@smithy/util-defaults-mode-node': [ '4.2.41' ],
59 silly audit   '@smithy/util-endpoints': [ '3.3.2' ],
59 silly audit   '@smithy/util-hex-encoding': [ '4.2.2' ],
59 silly audit   '@smithy/util-middleware': [ '4.2.11' ],
59 silly audit   '@smithy/util-retry': [ '4.2.11' ],
59 silly audit   '@smithy/util-stream': [ '4.5.17' ],
59 silly audit   '@smithy/util-uri-escape': [ '4.2.2' ],
59 silly audit   '@smithy/util-waiter': [ '4.2.11' ],
59 silly audit   '@smithy/uuid': [ '1.1.2' ],
59 silly audit   '@socket.io/component-emitter': [ '3.1.2' ],
59 silly audit   '@sqltools/formatter': [ '1.2.5' ],
59 silly audit   '@tokenizer/inflate': [ '0.4.1' ],
59 silly audit   '@tokenizer/token': [ '0.3.0' ],
59 silly audit   '@tsconfig/node10': [ '1.0.12' ],
59 silly audit   '@tsconfig/node12': [ '1.0.11' ],
59 silly audit   '@tsconfig/node14': [ '1.0.3' ],
59 silly audit   '@tsconfig/node16': [ '1.0.4' ],
59 silly audit   '@tybys/wasm-util': [ '0.10.1' ],
59 silly audit   '@types/babel__core': [ '7.20.5' ],
59 silly audit   '@types/babel__generator': [ '7.27.0' ],
59 silly audit   '@types/babel__template': [ '7.4.4' ],
59 silly audit   '@types/babel__traverse': [ '7.28.0' ],
59 silly audit   '@types/body-parser': [ '1.19.6' ],
59 silly audit   '@types/connect': [ '3.4.38' ],
59 silly audit   '@types/cookiejar': [ '2.1.5' ],
59 silly audit   '@types/cors': [ '2.8.19' ],
59 silly audit   '@types/eslint': [ '9.6.1' ],
59 silly audit   '@types/eslint-scope': [ '3.7.7' ],
59 silly audit   '@types/estree': [ '1.0.8' ],
59 silly audit   '@types/express': [ '5.0.6' ],
59 silly audit   '@types/express-serve-static-core': [ '5.1.1' ],
59 silly audit   '@types/express-session': [ '1.18.2' ],
59 silly audit   '@types/http-errors': [ '2.0.5' ],
59 silly audit   '@types/istanbul-lib-coverage': [ '2.0.6' ],
59 silly audit   '@types/istanbul-lib-report': [ '3.0.3' ],
59 silly audit   '@types/istanbul-reports': [ '3.0.4' ],
59 silly audit   '@types/jest': [ '30.0.0' ],
59 silly audit   '@types/json-schema': [ '7.0.15' ],
59 silly audit   '@types/methods': [ '1.1.4' ],
59 silly audit   '@types/node': [ '22.19.15' ],
59 silly audit   '@types/qs': [ '6.15.0' ],
59 silly audit   '@types/range-parser': [ '1.2.7' ],
59 silly audit   '@types/send': [ '1.2.1' ],
59 silly audit   '@types/serve-static': [ '2.2.0' ],
59 silly audit   '@types/stack-utils': [ '2.0.3' ],
59 silly audit   '@types/superagent': [ '8.1.9' ],
59 silly audit   '@types/supertest': [ '6.0.3' ],
59 silly audit   '@types/validator': [ '13.15.10' ],
59 silly audit   '@types/yargs': [ '17.0.35' ],
59 silly audit   '@types/yargs-parser': [ '21.0.3' ],
59 silly audit   '@typescript-eslint/eslint-plugin': [ '8.56.1' ],
59 silly audit   ignore: [ '7.0.5', '5.3.2' ],
59 silly audit   '@typescript-eslint/parser': [ '8.56.1' ],
59 silly audit   '@typescript-eslint/project-service': [ '8.56.1' ],
59 silly audit   '@typescript-eslint/scope-manager': [ '8.56.1' ],
59 silly audit   '@typescript-eslint/tsconfig-utils': [ '8.56.1' ],
59 silly audit   '@typescript-eslint/type-utils': [ '8.56.1' ],
59 silly audit   '@typescript-eslint/types': [ '8.56.1' ],
59 silly audit   '@typescript-eslint/typescript-estree': [ '8.56.1' ],
59 silly audit   'balanced-match': [ '4.0.4', '1.0.2' ],
59 silly audit   '@typescript-eslint/utils': [ '8.56.1' ],
59 silly audit   '@typescript-eslint/visitor-keys': [ '8.56.1' ],
59 silly audit   '@ungap/structured-clone': [ '1.3.0' ],
59 silly audit   '@unrs/resolver-binding-android-arm-eabi': [ '1.11.1' ],
59 silly audit   '@unrs/resolver-binding-android-arm64': [ '1.11.1' ],
59 silly audit   '@unrs/resolver-binding-darwin-arm64': [ '1.11.1' ],
59 silly audit   '@unrs/resolver-binding-darwin-x64': [ '1.11.1' ],
59 silly audit   '@unrs/resolver-binding-freebsd-x64': [ '1.11.1' ],
59 silly audit   '@unrs/resolver-binding-linux-arm-gnueabihf': [ '1.11.1' ],
59 silly audit   '@unrs/resolver-binding-linux-arm-musleabihf': [ '1.11.1' ],
59 silly audit   '@unrs/resolver-binding-linux-arm64-gnu': [ '1.11.1' ],
59 silly audit   '@unrs/resolver-binding-linux-arm64-musl': [ '1.11.1' ],
59 silly audit   '@unrs/resolver-binding-linux-ppc64-gnu': [ '1.11.1' ],
59 silly audit   '@unrs/resolver-binding-linux-riscv64-gnu': [ '1.11.1' ],
59 silly audit   '@unrs/resolver-binding-linux-riscv64-musl': [ '1.11.1' ],
59 silly audit   '@unrs/resolver-binding-linux-s390x-gnu': [ '1.11.1' ],
59 silly audit   '@unrs/resolver-binding-linux-x64-gnu': [ '1.11.1' ],
59 silly audit   '@unrs/resolver-binding-linux-x64-musl': [ '1.11.1' ],
59 silly audit   '@unrs/resolver-binding-wasm32-wasi': [ '1.11.1' ],
59 silly audit   '@unrs/resolver-binding-win32-arm64-msvc': [ '1.11.1' ],
59 silly audit   '@unrs/resolver-binding-win32-ia32-msvc': [ '1.11.1' ],
59 silly audit   '@unrs/resolver-binding-win32-x64-msvc': [ '1.11.1' ],
59 silly audit   '@webassemblyjs/ast': [ '1.14.1' ],
59 silly audit   '@webassemblyjs/floating-point-hex-parser': [ '1.13.2' ],
59 silly audit   '@webassemblyjs/helper-api-error': [ '1.13.2' ],
59 silly audit   '@webassemblyjs/helper-buffer': [ '1.14.1' ],
59 silly audit   '@webassemblyjs/helper-numbers': [ '1.13.2' ],
59 silly audit   '@webassemblyjs/helper-wasm-bytecode': [ '1.13.2' ],
59 silly audit   '@webassemblyjs/helper-wasm-section': [ '1.14.1' ],
59 silly audit   '@webassemblyjs/ieee754': [ '1.13.2' ],
59 silly audit   '@webassemblyjs/leb128': [ '1.13.2' ],
59 silly audit   '@webassemblyjs/utf8': [ '1.13.2' ],
59 silly audit   '@webassemblyjs/wasm-edit': [ '1.14.1' ],
59 silly audit   '@webassemblyjs/wasm-gen': [ '1.14.1' ],
59 silly audit   '@webassemblyjs/wasm-opt': [ '1.14.1' ],
59 silly audit   '@webassemblyjs/wasm-parser': [ '1.14.1' ],
59 silly audit   '@webassemblyjs/wast-printer': [ '1.14.1' ],
59 silly audit   '@xtuc/ieee754': [ '1.2.0' ],
59 silly audit   '@xtuc/long': [ '4.2.2' ],
59 silly audit   accepts: [ '2.0.0', '1.3.8' ],
59 silly audit   acorn: [ '8.16.0' ],
59 silly audit   'acorn-import-phases': [ '1.0.4' ],
59 silly audit   'acorn-jsx': [ '5.3.2' ],
59 silly audit   'acorn-walk': [ '8.3.5' ],
59 silly audit   'ansi-colors': [ '4.1.3' ],
59 silly audit   'ansi-escapes': [ '4.3.2' ],
59 silly audit   ansis: [ '4.2.0' ],
59 silly audit   anymatch: [ '3.1.3' ],
59 silly audit   picomatch: [ '2.3.1', '4.0.2', '4.0.3' ],
59 silly audit   'app-root-path': [ '3.1.0' ],
59 silly audit   'append-field': [ '1.0.0' ],
59 silly audit   arg: [ '4.1.3' ],
59 silly audit   'array-timsort': [ '1.0.3' ],
59 silly audit   asap: [ '2.0.6' ],
59 silly audit   asynckit: [ '0.4.0' ],
59 silly audit   'available-typed-arrays': [ '1.0.7' ],
59 silly audit   'babel-jest': [ '30.2.0' ],
59 silly audit   'babel-plugin-istanbul': [ '7.0.1' ],
59 silly audit   'babel-plugin-jest-hoist': [ '30.2.0' ],
59 silly audit   'babel-preset-current-node-syntax': [ '1.2.0' ],
59 silly audit   'babel-preset-jest': [ '30.2.0' ],
59 silly audit   'base64-js': [ '1.5.1' ],
59 silly audit   base64id: [ '2.0.0' ],
59 silly audit   'baseline-browser-mapping': [ '2.10.0' ],
59 silly audit   bl: [ '4.1.0' ],
59 silly audit   'body-parser': [ '2.2.2' ],
59 silly audit   bowser: [ '2.14.1' ],
59 silly audit   braces: [ '3.0.3' ],
59 silly audit   browserslist: [ '4.28.1' ],
59 silly audit   'bs-logger': [ '0.2.6' ],
59 silly audit   bser: [ '2.1.1' ],
59 silly audit   buffer: [ '5.7.1', '6.0.3' ],
59 silly audit   'buffer-from': [ '1.1.2' ],
59 silly audit   busboy: [ '1.6.0' ],
59 silly audit   bytes: [ '3.1.2' ],
59 silly audit   'call-bind': [ '1.0.8' ],
59 silly audit   'call-bind-apply-helpers': [ '1.0.2' ],
59 silly audit   'call-bound': [ '1.0.4' ],
59 silly audit   callsites: [ '3.1.0' ],
59 silly audit   camelcase: [ '5.3.1', '6.3.0' ],
59 silly audit   'caniuse-lite': [ '1.0.30001777' ],
59 silly audit   chalk: [ '4.1.2' ],
59 silly audit   'char-regex': [ '1.0.2' ],
59 silly audit   chardet: [ '2.1.1' ],
59 silly audit   chokidar: [ '4.0.3' ],
59 silly audit   'chrome-trace-event': [ '1.0.4' ],
59 silly audit   'ci-info': [ '4.4.0' ],
59 silly audit   'cjs-module-lexer': [ '2.2.0' ],
59 silly audit   'class-transformer': [ '0.5.1' ],
59 silly audit   'class-validator': [ '0.15.1' ],
59 silly audit   'cli-cursor': [ '3.1.0' ],
59 silly audit   'cli-spinners': [ '2.9.2' ],
59 silly audit   'cli-table3': [ '0.6.5' ],
59 silly audit   'cli-width': [ '4.1.0' ],
59 silly audit   cliui: [ '8.0.1' ],
59 silly audit   clone: [ '1.0.4' ],
59 silly audit   'cluster-key-slot': [ '1.1.2' ],
59 silly audit   co: [ '4.6.0' ],
59 silly audit   'collect-v8-coverage': [ '1.0.3' ],
59 silly audit   'color-convert': [ '2.0.1' ],
59 silly audit   'color-name': [ '1.1.4' ],
59 silly audit   'combined-stream': [ '1.0.8' ],
59 silly audit   commander: [ '4.1.1', '2.20.3' ],
59 silly audit   'comment-json': [ '4.4.1' ],
59 silly audit   'component-emitter': [ '1.3.1' ],
59 silly audit   'concat-map': [ '0.0.1' ],
59 silly audit   'concat-stream': [ '2.0.0' ],
59 silly audit   'connect-redis': [ '9.0.0' ],
59 silly audit   consola: [ '3.4.2' ],
59 silly audit   'content-disposition': [ '1.0.1' ],
59 silly audit   'content-type': [ '1.0.5' ],
59 silly audit   'convert-source-map': [ '2.0.0' ],
59 silly audit   cookie: [ '0.7.2' ],
59 silly audit   'cookie-signature': [ '1.2.2', '1.0.7' ],
59 silly audit   cookiejar: [ '2.1.4' ],
59 silly audit   'core-util-is': [ '1.0.3' ],
59 silly audit   cors: [ '2.8.6' ],
59 silly audit   cosmiconfig: [ '8.3.6' ],
59 silly audit   'create-require': [ '1.1.1' ],
59 silly audit   'cross-spawn': [ '7.0.6' ],
59 silly audit   dayjs: [ '1.11.19' ],
59 silly audit   debug: [ '4.4.3', '2.6.9' ],
59 silly audit   dedent: [ '1.7.2' ],
59 silly audit   'deep-is': [ '0.1.4' ],
59 silly audit   deepmerge: [ '4.3.1' ],
59 silly audit   defaults: [ '1.0.4' ],
59 silly audit   'define-data-property': [ '1.1.4' ],
59 silly audit   'delayed-stream': [ '1.0.0' ],
59 silly audit   depd: [ '2.0.0' ],
59 silly audit   'detect-newline': [ '3.1.0' ],
59 silly audit   dezalgo: [ '1.0.4' ],
59 silly audit   diff: [ '4.0.4' ],
59 silly audit   dotenv: [ '17.2.3', '16.6.1' ],
59 silly audit   'dotenv-expand': [ '12.0.3' ],
59 silly audit   'dunder-proto': [ '1.0.1' ],
59 silly audit   eastasianwidth: [ '0.2.0' ],
59 silly audit   'ee-first': [ '1.1.1' ],
59 silly audit   'electron-to-chromium': [ '1.5.307' ],
59 silly audit   emittery: [ '0.13.1' ],
59 silly audit   encodeurl: [ '2.0.0' ],
59 silly audit   'engine.io': [ '6.6.5' ],
59 silly audit   'engine.io-parser': [ '5.2.3' ],
59 silly audit   negotiator: [ '0.6.3', '1.0.0' ],
59 silly audit   'enhanced-resolve': [ '5.20.0' ],
59 silly audit   'error-ex': [ '1.3.4' ],
59 silly audit   'es-define-property': [ '1.0.1' ],
59 silly audit   'es-errors': [ '1.3.0' ],
59 silly audit   'es-module-lexer': [ '2.0.0' ],
59 silly audit   'es-object-atoms': [ '1.1.1' ],
59 silly audit   'es-set-tostringtag': [ '2.1.0' ],
59 silly audit   escalade: [ '3.2.0' ],
59 silly audit   'escape-html': [ '1.0.3' ],
59 silly audit   'escape-string-regexp': [ '4.0.0', '2.0.0' ],
59 silly audit   eslint: [ '9.39.3' ],
59 silly audit   'eslint-config-prettier': [ '10.1.8' ],
59 silly audit   'eslint-plugin-prettier': [ '5.5.5' ],
59 silly audit   espree: [ '10.4.0' ],
59 silly audit   esprima: [ '4.0.1' ],
59 silly audit   esquery: [ '1.7.0' ],
59 silly audit   esrecurse: [ '4.3.0' ],
59 silly audit   esutils: [ '2.0.3' ],
59 silly audit   etag: [ '1.8.1' ],
59 silly audit   events: [ '3.3.0' ],
59 silly audit   execa: [ '5.1.1' ],
59 silly audit   'signal-exit': [ '3.0.7', '4.1.0' ],
59 silly audit   'exit-x': [ '0.2.2' ],
59 silly audit   expect: [ '30.2.0' ],
59 silly audit   express: [ '5.2.1' ],
59 silly audit   'express-session': [ '1.19.0' ],
59 silly audit   ms: [ '2.0.0', '2.1.3' ],
59 silly audit   'fast-deep-equal': [ '3.1.3' ],
59 silly audit   'fast-diff': [ '1.3.0' ],
59 silly audit   'fast-json-stable-stringify': [ '2.1.0' ],
59 silly audit   'fast-levenshtein': [ '2.0.6' ],
59 silly audit   'fast-safe-stringify': [ '2.1.1' ],
59 silly audit   'fast-uri': [ '3.1.0' ],
59 silly audit   'fast-xml-builder': [ '1.0.0' ],
59 silly audit   'fast-xml-parser': [ '5.4.1' ],
59 silly audit   'fb-watchman': [ '2.0.2' ],
59 silly audit   fdir: [ '6.5.0' ],
59 silly audit   'file-entry-cache': [ '8.0.0' ],
59 silly audit   'file-type': [ '21.3.0' ],
59 silly audit   'fill-range': [ '7.1.1' ],
59 silly audit   finalhandler: [ '2.1.1' ],
59 silly audit   'flat-cache': [ '4.0.1' ],
59 silly audit   flatted: [ '3.3.4' ],
59 silly audit   'for-each': [ '0.3.5' ],
59 silly audit   'foreground-child': [ '3.3.1' ],
59 silly audit   'fork-ts-checker-webpack-plugin': [ '9.1.0' ],
59 silly audit   'form-data': [ '4.0.5' ],
59 silly audit   formidable: [ '3.5.4' ],
59 silly audit   forwarded: [ '0.2.0' ],
59 silly audit   fresh: [ '2.0.0' ],
59 silly audit   'fs-extra': [ '10.1.0' ],
59 silly audit   'fs-monkey': [ '1.1.0' ],
59 silly audit   'fs.realpath': [ '1.0.0' ],
59 silly audit   fsevents: [ '2.3.3' ],
59 silly audit   'function-bind': [ '1.1.2' ],
59 silly audit   gensync: [ '1.0.0-beta.2' ],
59 silly audit   'get-caller-file': [ '2.0.5' ],
59 silly audit   'get-intrinsic': [ '1.3.0' ],
59 silly audit   'get-package-type': [ '0.1.0' ],
59 silly audit   'get-proto': [ '1.0.1' ],
59 silly audit   'get-stream': [ '6.0.1' ],
59 silly audit   'glob-parent': [ '6.0.2' ],
59 silly audit   'glob-to-regexp': [ '0.4.1' ],
59 silly audit   gopd: [ '1.2.0' ],
59 silly audit   'graceful-fs': [ '4.2.11' ],
59 silly audit   handlebars: [ '4.7.8' ],
59 silly audit   'source-map': [ '0.6.1', '0.7.4' ],
59 silly audit   'has-flag': [ '4.0.0' ],
59 silly audit   'has-property-descriptors': [ '1.0.2' ],
59 silly audit   'has-symbols': [ '1.1.0' ],
59 silly audit   'has-tostringtag': [ '1.0.2' ],
59 silly audit   hasown: [ '2.0.2' ],
59 silly audit   'html-escaper': [ '2.0.2' ],
59 silly audit   'http-errors': [ '2.0.1' ],
59 silly audit   'human-signals': [ '2.1.0' ],
59 silly audit   'iconv-lite': [ '0.7.2' ],
59 silly audit   ieee754: [ '1.2.1' ],
59 silly audit   'import-fresh': [ '3.3.1' ],
59 silly audit   'import-local': [ '3.2.0' ],
59 silly audit   imurmurhash: [ '0.1.4' ],
59 silly audit   inflight: [ '1.0.6' ],
59 silly audit   inherits: [ '2.0.4' ],
59 silly audit   'ipaddr.js': [ '1.9.1' ],
59 silly audit   'is-arrayish': [ '0.2.1' ],
59 silly audit   'is-callable': [ '1.2.7' ],
59 silly audit   'is-extglob': [ '2.1.1' ],
59 silly audit   'is-fullwidth-code-point': [ '3.0.0' ],
59 silly audit   'is-generator-fn': [ '2.1.0' ],
59 silly audit   'is-glob': [ '4.0.3' ],
59 silly audit   'is-interactive': [ '1.0.0' ],
59 silly audit   'is-number': [ '7.0.0' ],
59 silly audit   'is-promise': [ '4.0.0' ],
59 silly audit   'is-stream': [ '2.0.1' ],
59 silly audit   'is-typed-array': [ '1.1.15' ],
59 silly audit   'is-unicode-supported': [ '0.1.0' ],
59 silly audit   isarray: [ '2.0.5' ],
59 silly audit   isexe: [ '2.0.0' ],
59 silly audit   'istanbul-lib-coverage': [ '3.2.2' ],
59 silly audit   'istanbul-lib-instrument': [ '6.0.3' ],
59 silly audit   'istanbul-lib-report': [ '3.0.1' ],
59 silly audit   'istanbul-lib-source-maps': [ '5.0.6' ],
59 silly audit   'istanbul-reports': [ '3.2.0' ],
59 silly audit   iterare: [ '1.2.1' ],
59 silly audit   jackspeak: [ '3.4.3' ],
59 silly audit   jest: [ '30.2.0' ],
59 silly audit   'jest-changed-files': [ '30.2.0' ],
59 silly audit   'jest-circus': [ '30.2.0' ],
59 silly audit   'jest-cli': [ '30.2.0' ],
59 silly audit   'jest-config': [ '30.2.0' ],
59 silly audit   'jest-diff': [ '30.2.0' ],
59 silly audit   'jest-docblock': [ '30.2.0' ],
59 silly audit   'jest-each': [ '30.2.0' ],
59 silly audit   'jest-environment-node': [ '30.2.0' ],
59 silly audit   'jest-haste-map': [ '30.2.0' ],
59 silly audit   'jest-leak-detector': [ '30.2.0' ],
59 silly audit   'jest-matcher-utils': [ '30.2.0' ],
59 silly audit   'jest-message-util': [ '30.2.0' ],
59 silly audit   'jest-mock': [ '30.2.0' ],
59 silly audit   'jest-pnp-resolver': [ '1.2.3' ],
59 silly audit   'jest-regex-util': [ '30.0.1' ],
59 silly audit   'jest-resolve': [ '30.2.0' ],
59 silly audit   'jest-resolve-dependencies': [ '30.2.0' ],
59 silly audit   'jest-runner': [ '30.2.0' ],
59 silly audit   'source-map-support': [ '0.5.13', '0.5.21' ],
59 silly audit   'jest-runtime': [ '30.2.0' ],
59 silly audit   'jest-snapshot': [ '30.2.0' ],
59 silly audit   'jest-util': [ '30.2.0' ],
59 silly audit   'jest-validate': [ '30.2.0' ],
59 silly audit   'jest-watcher': [ '30.2.0' ],
59 silly audit   'jest-worker': [ '30.2.0', '27.5.1' ],
59 silly audit   'supports-color': [ '8.1.1', '7.2.0' ],
59 silly audit   'js-tokens': [ '4.0.0' ],
59 silly audit   jsesc: [ '3.1.0' ],
59 silly audit   'json-buffer': [ '3.0.1' ],
59 silly audit   'json-parse-even-better-errors': [ '2.3.1' ],
59 silly audit   'json-stable-stringify-without-jsonify': [ '1.0.1' ],
59 silly audit   json5: [ '2.2.3' ],
59 silly audit   'jsonc-parser': [ '3.3.1' ],
59 silly audit   jsonfile: [ '6.2.0' ],
59 silly audit   keyv: [ '4.5.4' ],
59 silly audit   leven: [ '3.1.0' ],
59 silly audit   levn: [ '0.4.1' ],
59 silly audit   'libphonenumber-js': [ '1.12.38' ],
59 silly audit   'lines-and-columns': [ '1.2.4' ],
59 silly audit   'load-esm': [ '1.0.3' ],
59 silly audit   'loader-runner': [ '4.3.1' ],
59 silly audit   lodash: [ '4.17.23' ],
59 silly audit   'lodash.memoize': [ '4.1.2' ],
59 silly audit   'lodash.merge': [ '4.6.2' ],
59 silly audit   'log-symbols': [ '4.1.0' ],
59 silly audit   'magic-string': [ '0.30.17' ],
59 silly audit   'make-dir': [ '4.0.0' ],
59 silly audit   'make-error': [ '1.3.6' ],
59 silly audit   makeerror: [ '1.0.12' ],
59 silly audit   'math-intrinsics': [ '1.1.0' ],
59 silly audit   'media-typer': [ '1.1.0', '0.3.0' ],
59 silly audit   memfs: [ '3.5.3' ],
59 silly audit   'merge-descriptors': [ '2.0.0' ],
59 silly audit   'merge-stream': [ '2.0.0' ],
59 silly audit   methods: [ '1.1.2' ],
59 silly audit   micromatch: [ '4.0.8' ],
59 silly audit   mime: [ '2.6.0' ],
59 silly audit   'mimic-fn': [ '2.1.0' ],
59 silly audit   minimist: [ '1.2.8' ],
59 silly audit   minipass: [ '7.1.3' ],
59 silly audit   multer: [ '2.1.1' ],
59 silly audit   'type-is': [ '1.6.18', '2.0.1' ],
59 silly audit   'mute-stream': [ '2.0.0' ],
59 silly audit   'napi-postinstall': [ '0.3.4' ],
59 silly audit   'natural-compare': [ '1.4.0' ],
59 silly audit   'neo-async': [ '2.6.2' ],
59 silly audit   'node-abort-controller': [ '3.1.1' ],
59 silly audit   'node-emoji': [ '1.11.0' ],
59 silly audit   'node-int64': [ '0.4.0' ],
59 silly audit   'node-releases': [ '2.0.36' ],
59 silly audit   'normalize-path': [ '3.0.0' ],
59 silly audit   'npm-run-path': [ '4.0.1' ],
59 silly audit   'object-assign': [ '4.1.1' ],
59 silly audit   'object-hash': [ '3.0.0' ],
59 silly audit   'object-inspect': [ '1.13.4' ],
59 silly audit   'on-finished': [ '2.4.1' ],
59 silly audit   'on-headers': [ '1.1.0' ],
59 silly audit   once: [ '1.4.0' ],
59 silly audit   onetime: [ '5.1.2' ],
59 silly audit   optionator: [ '0.9.4' ],
59 silly audit   ora: [ '5.4.1' ],
59 silly audit   'p-try': [ '2.2.0' ],
59 silly audit   'package-json-from-dist': [ '1.0.1' ],
59 silly audit   'parent-module': [ '1.0.1' ],
59 silly audit   'parse-json': [ '5.2.0' ],
59 silly audit   parseurl: [ '1.3.3' ],
59 silly audit   'path-exists': [ '4.0.0' ],
59 silly audit   'path-is-absolute': [ '1.0.1' ],
59 silly audit   'path-key': [ '3.1.1' ],
59 silly audit   'path-to-regexp': [ '8.3.0' ],
59 silly audit   'path-type': [ '4.0.0' ],
59 silly audit   pg: [ '8.20.0' ],
59 silly audit   'pg-cloudflare': [ '1.3.0' ],
59 silly audit   'pg-connection-string': [ '2.12.0' ],
59 silly audit   'pg-int8': [ '1.0.1' ],
59 silly audit   'pg-pool': [ '3.13.0' ],
59 silly audit   'pg-protocol': [ '1.13.0' ],
59 silly audit   'pg-types': [ '2.2.0' ],
59 silly audit   pgpass: [ '1.0.5' ],
59 silly audit   picocolors: [ '1.1.1' ],
59 silly audit   pirates: [ '4.0.7' ],
59 silly audit   'pkg-dir': [ '4.2.0' ],
59 silly audit   pluralize: [ '8.0.0' ],
59 silly audit   'possible-typed-array-names': [ '1.1.0' ],
59 silly audit   'postgres-array': [ '2.0.0' ],
59 silly audit   'postgres-bytea': [ '1.0.1' ],
59 silly audit   'postgres-date': [ '1.0.7' ],
59 silly audit   'postgres-interval': [ '1.2.0' ],
59 silly audit   'prelude-ls': [ '1.2.1' ],
59 silly audit   prettier: [ '3.8.1' ],
59 silly audit   'prettier-linter-helpers': [ '1.0.1' ],
59 silly audit   'pretty-format': [ '30.2.0' ],
59 silly audit   'proxy-addr': [ '2.0.7' ],
59 silly audit   punycode: [ '2.3.1' ],
59 silly audit   'pure-rand': [ '7.0.1' ],
59 silly audit   qs: [ '6.15.0' ],
59 silly audit   'random-bytes': [ '1.0.0' ],
59 silly audit   'range-parser': [ '1.2.1' ],
59 silly audit   'raw-body': [ '3.0.2' ],
59 silly audit   'react-is': [ '18.3.1' ],
59 silly audit   'readable-stream': [ '3.6.2' ],
59 silly audit   readdirp: [ '4.1.2' ],
59 silly audit   redis: [ '5.11.0' ],
59 silly audit   'reflect-metadata': [ '0.2.2' ],
59 silly audit   'require-directory': [ '2.1.1' ],
59 silly audit   'require-from-string': [ '2.0.2' ],
59 silly audit   'resolve-cwd': [ '3.0.0' ],
59 silly audit   'restore-cursor': [ '3.1.0' ],
59 silly audit   router: [ '2.2.0' ],
59 silly audit   'safe-buffer': [ '5.2.1' ],
59 silly audit   'safer-buffer': [ '2.1.2' ],
59 silly audit   send: [ '1.2.1' ],
59 silly audit   'serve-static': [ '2.2.1' ],
59 silly audit   'set-function-length': [ '1.2.2' ],
59 silly audit   setprototypeof: [ '1.2.0' ],
59 silly audit   'sha.js': [ '2.4.12' ],
59 silly audit   'shebang-command': [ '2.0.0' ],
59 silly audit   'shebang-regex': [ '3.0.0' ],
59 silly audit   'side-channel': [ '1.1.0' ],
59 silly audit   'side-channel-list': [ '1.0.0' ],
59 silly audit   'side-channel-map': [ '1.0.1' ],
59 silly audit   'side-channel-weakmap': [ '1.0.2' ],
59 silly audit   slash: [ '3.0.0' ],
59 silly audit   'socket.io': [ '4.8.3' ],
59 silly audit   'socket.io-adapter': [ '2.5.6' ],
59 silly audit   'socket.io-parser': [ '4.2.5' ],
59 silly audit   split2: [ '4.2.0' ],
59 silly audit   'sprintf-js': [ '1.0.3' ],
59 silly audit   'sql-highlight': [ '6.1.0' ],
59 silly audit   'stack-utils': [ '2.0.6' ],
59 silly audit   statuses: [ '2.0.2' ],
59 silly audit   streamsearch: [ '1.1.0' ],
59 silly audit   string_decoder: [ '1.3.0' ],
59 silly audit   'string-length': [ '4.0.2' ],
59 silly audit   'strip-bom': [ '4.0.0', '3.0.0' ],
59 silly audit   'strip-final-newline': [ '2.0.0' ],
59 silly audit   'strip-json-comments': [ '3.1.1' ],
59 silly audit   strnum: [ '2.2.0' ],
59 silly audit   strtok3: [ '10.3.4' ],
59 silly audit   superagent: [ '10.3.0' ],
59 silly audit   supertest: [ '7.2.2' ],
59 silly audit   'symbol-observable': [ '4.0.0' ],
59 silly audit   synckit: [ '0.11.12' ],
59 silly audit   tapable: [ '2.3.0' ],
59 silly audit   terser: [ '5.46.0' ],
59 silly audit   'terser-webpack-plugin': [ '5.3.17' ],
59 silly audit   'test-exclude': [ '6.0.0' ],
59 silly audit   tinyglobby: [ '0.2.15' ],
59 silly audit   tmpl: [ '1.0.5' ],
59 silly audit   'to-buffer': [ '1.2.2' ],
59 silly audit   'to-regex-range': [ '5.0.1' ],
59 silly audit   toidentifier: [ '1.0.1' ],
59 silly audit   'token-types': [ '6.1.2' ],
59 silly audit   'ts-api-utils': [ '2.4.0' ],
59 silly audit   'ts-jest': [ '29.4.6' ],
59 silly audit   'type-fest': [ '4.41.0', '0.21.3' ],
59 silly audit   'ts-loader': [ '9.5.4' ],
59 silly audit   'ts-node': [ '10.9.2' ],
59 silly audit   'tsconfig-paths': [ '4.2.0' ],
59 silly audit   'tsconfig-paths-webpack-plugin': [ '4.2.0' ],
59 silly audit   tslib: [ '2.8.1' ],
59 silly audit   'type-check': [ '0.4.0' ],
59 silly audit   'type-detect': [ '4.0.8' ],
59 silly audit   'typed-array-buffer': [ '1.0.3' ],
59 silly audit   typedarray: [ '0.0.6' ],
59 silly audit   typeorm: [ '0.3.28' ],
59 silly audit   typescript: [ '5.9.3' ],
59 silly audit   'typescript-eslint': [ '8.56.1' ],
59 silly audit   'uglify-js': [ '3.19.3' ],
59 silly audit   uid: [ '2.0.2' ],
59 silly audit   'uid-safe': [ '2.1.5' ],
59 silly audit   'uint8array-extras': [ '1.5.0' ],
59 silly audit   'undici-types': [ '6.21.0' ],
59 silly audit   universalify: [ '2.0.1' ],
59 silly audit   unpipe: [ '1.0.0' ],
59 silly audit   'unrs-resolver': [ '1.11.1' ],
59 silly audit   'update-browserslist-db': [ '1.2.3' ],
59 silly audit   'uri-js': [ '4.4.1' ],
59 silly audit   'util-deprecate': [ '1.0.2' ],
59 silly audit   uuid: [ '11.1.0' ],
59 silly audit   'v8-compile-cache-lib': [ '3.0.1' ],
59 silly audit   'v8-to-istanbul': [ '9.3.0' ],
59 silly audit   validator: [ '13.15.26' ],
59 silly audit   vary: [ '1.1.2' ],
59 silly audit   walker: [ '1.0.8' ],
59 silly audit   watchpack: [ '2.5.1' ],
59 silly audit   wcwidth: [ '1.0.1' ],
59 silly audit   'webpack-node-externals': [ '3.0.0' ],
59 silly audit   'webpack-sources': [ '3.3.4' ],
59 silly audit   which: [ '2.0.2' ],
59 silly audit   'which-typed-array': [ '1.1.20' ],
59 silly audit   'word-wrap': [ '1.2.5' ],
59 silly audit   wordwrap: [ '1.0.0' ],
59 silly audit   wrappy: [ '1.0.2' ],
59 silly audit   'write-file-atomic': [ '5.0.1' ],
59 silly audit   ws: [ '8.18.3' ],
59 silly audit   xtend: [ '4.0.2' ],
59 silly audit   y18n: [ '5.0.8' ],
59 silly audit   yallist: [ '3.1.1' ],
59 silly audit   yargs: [ '17.7.2' ],
59 silly audit   'yargs-parser': [ '21.1.1' ],
59 silly audit   yn: [ '3.1.1' ],
59 silly audit   'yocto-queue': [ '0.1.0' ],
59 silly audit   'yoctocolors-cjs': [ '2.1.3' ],
59 silly audit   joi: [ '18.0.2' ],
59 silly audit   '@hapi/address': [ '5.1.1' ],
59 silly audit   '@hapi/formula': [ '3.0.2' ],
59 silly audit   '@hapi/hoek': [ '11.0.7' ],
59 silly audit   '@hapi/pinpoint': [ '2.0.1' ],
59 silly audit   '@hapi/tlds': [ '1.1.6' ],
59 silly audit   '@hapi/topo': [ '6.0.2' ],
59 silly audit   '@standard-schema/spec': [ '1.1.0' ]
59 silly audit }
60 verbose reify failed optional dependency /Users/forceonetechnologies/Documents/Project Mar/chamba/backend/node_modules/@unrs/resolver-binding-win32-x64-msvc
61 silly reify mark deleted [
61 silly reify   '/Users/forceonetechnologies/Documents/Project Mar/chamba/backend/node_modules/@unrs/resolver-binding-win32-x64-msvc'
61 silly reify ]
62 verbose reify failed optional dependency /Users/forceonetechnologies/Documents/Project Mar/chamba/backend/node_modules/@unrs/resolver-binding-win32-ia32-msvc
63 silly reify mark deleted [
63 silly reify   '/Users/forceonetechnologies/Documents/Project Mar/chamba/backend/node_modules/@unrs/resolver-binding-win32-ia32-msvc'
63 silly reify ]
64 verbose reify failed optional dependency /Users/forceonetechnologies/Documents/Project Mar/chamba/backend/node_modules/@unrs/resolver-binding-win32-arm64-msvc
65 silly reify mark deleted [
65 silly reify   '/Users/forceonetechnologies/Documents/Project Mar/chamba/backend/node_modules/@unrs/resolver-binding-win32-arm64-msvc'
65 silly reify ]
66 verbose reify failed optional dependency /Users/forceonetechnologies/Documents/Project Mar/chamba/backend/node_modules/@unrs/resolver-binding-wasm32-wasi
67 silly reify mark deleted [
67 silly reify   '/Users/forceonetechnologies/Documents/Project Mar/chamba/backend/node_modules/@unrs/resolver-binding-wasm32-wasi'
67 silly reify ]
68 verbose reify failed optional dependency /Users/forceonetechnologies/Documents/Project Mar/chamba/backend/node_modules/@napi-rs/wasm-runtime
69 silly reify mark deleted [
69 silly reify   '/Users/forceonetechnologies/Documents/Project Mar/chamba/backend/node_modules/@napi-rs/wasm-runtime'
69 silly reify ]
70 verbose reify failed optional dependency /Users/forceonetechnologies/Documents/Project Mar/chamba/backend/node_modules/@emnapi/core
71 silly reify mark deleted [
71 silly reify   '/Users/forceonetechnologies/Documents/Project Mar/chamba/backend/node_modules/@emnapi/core'
71 silly reify ]
72 verbose reify failed optional dependency /Users/forceonetechnologies/Documents/Project Mar/chamba/backend/node_modules/@emnapi/runtime
73 silly reify mark deleted [
73 silly reify   '/Users/forceonetechnologies/Documents/Project Mar/chamba/backend/node_modules/@emnapi/runtime'
73 silly reify ]
74 verbose reify failed optional dependency /Users/forceonetechnologies/Documents/Project Mar/chamba/backend/node_modules/@tybys/wasm-util
75 silly reify mark deleted [
75 silly reify   '/Users/forceonetechnologies/Documents/Project Mar/chamba/backend/node_modules/@tybys/wasm-util'
75 silly reify ]
76 verbose reify failed optional dependency /Users/forceonetechnologies/Documents/Project Mar/chamba/backend/node_modules/@emnapi/wasi-threads
77 silly reify mark deleted [
77 silly reify   '/Users/forceonetechnologies/Documents/Project Mar/chamba/backend/node_modules/@emnapi/wasi-threads'
77 silly reify ]
78 verbose reify failed optional dependency /Users/forceonetechnologies/Documents/Project Mar/chamba/backend/node_modules/@unrs/resolver-binding-linux-x64-musl
79 silly reify mark deleted [
79 silly reify   '/Users/forceonetechnologies/Documents/Project Mar/chamba/backend/node_modules/@unrs/resolver-binding-linux-x64-musl'
79 silly reify ]
80 verbose reify failed optional dependency /Users/forceonetechnologies/Documents/Project Mar/chamba/backend/node_modules/@unrs/resolver-binding-linux-x64-gnu
81 silly reify mark deleted [
81 silly reify   '/Users/forceonetechnologies/Documents/Project Mar/chamba/backend/node_modules/@unrs/resolver-binding-linux-x64-gnu'
81 silly reify ]
82 verbose reify failed optional dependency /Users/forceonetechnologies/Documents/Project Mar/chamba/backend/node_modules/@unrs/resolver-binding-linux-s390x-gnu
83 silly reify mark deleted [
83 silly reify   '/Users/forceonetechnologies/Documents/Project Mar/chamba/backend/node_modules/@unrs/resolver-binding-linux-s390x-gnu'
83 silly reify ]
84 verbose reify failed optional dependency /Users/forceonetechnologies/Documents/Project Mar/chamba/backend/node_modules/@unrs/resolver-binding-linux-riscv64-musl
85 silly reify mark deleted [
85 silly reify   '/Users/forceonetechnologies/Documents/Project Mar/chamba/backend/node_modules/@unrs/resolver-binding-linux-riscv64-musl'
85 silly reify ]
86 verbose reify failed optional dependency /Users/forceonetechnologies/Documents/Project Mar/chamba/backend/node_modules/@unrs/resolver-binding-linux-riscv64-gnu
87 silly reify mark deleted [
87 silly reify   '/Users/forceonetechnologies/Documents/Project Mar/chamba/backend/node_modules/@unrs/resolver-binding-linux-riscv64-gnu'
87 silly reify ]
88 verbose reify failed optional dependency /Users/forceonetechnologies/Documents/Project Mar/chamba/backend/node_modules/@unrs/resolver-binding-linux-ppc64-gnu
89 silly reify mark deleted [
89 silly reify   '/Users/forceonetechnologies/Documents/Project Mar/chamba/backend/node_modules/@unrs/resolver-binding-linux-ppc64-gnu'
89 silly reify ]
90 verbose reify failed optional dependency /Users/forceonetechnologies/Documents/Project Mar/chamba/backend/node_modules/@unrs/resolver-binding-linux-arm64-musl
91 silly reify mark deleted [
91 silly reify   '/Users/forceonetechnologies/Documents/Project Mar/chamba/backend/node_modules/@unrs/resolver-binding-linux-arm64-musl'
91 silly reify ]
92 verbose reify failed optional dependency /Users/forceonetechnologies/Documents/Project Mar/chamba/backend/node_modules/@unrs/resolver-binding-linux-arm64-gnu
93 silly reify mark deleted [
93 silly reify   '/Users/forceonetechnologies/Documents/Project Mar/chamba/backend/node_modules/@unrs/resolver-binding-linux-arm64-gnu'
93 silly reify ]
94 verbose reify failed optional dependency /Users/forceonetechnologies/Documents/Project Mar/chamba/backend/node_modules/@unrs/resolver-binding-linux-arm-musleabihf
95 silly reify mark deleted [
95 silly reify   '/Users/forceonetechnologies/Documents/Project Mar/chamba/backend/node_modules/@unrs/resolver-binding-linux-arm-musleabihf'
95 silly reify ]
96 verbose reify failed optional dependency /Users/forceonetechnologies/Documents/Project Mar/chamba/backend/node_modules/@unrs/resolver-binding-linux-arm-gnueabihf
97 silly reify mark deleted [
97 silly reify   '/Users/forceonetechnologies/Documents/Project Mar/chamba/backend/node_modules/@unrs/resolver-binding-linux-arm-gnueabihf'
97 silly reify ]
98 verbose reify failed optional dependency /Users/forceonetechnologies/Documents/Project Mar/chamba/backend/node_modules/@unrs/resolver-binding-freebsd-x64
99 silly reify mark deleted [
99 silly reify   '/Users/forceonetechnologies/Documents/Project Mar/chamba/backend/node_modules/@unrs/resolver-binding-freebsd-x64'
99 silly reify ]
100 verbose reify failed optional dependency /Users/forceonetechnologies/Documents/Project Mar/chamba/backend/node_modules/@unrs/resolver-binding-darwin-x64
101 silly reify mark deleted [
101 silly reify   '/Users/forceonetechnologies/Documents/Project Mar/chamba/backend/node_modules/@unrs/resolver-binding-darwin-x64'
101 silly reify ]
102 verbose reify failed optional dependency /Users/forceonetechnologies/Documents/Project Mar/chamba/backend/node_modules/@unrs/resolver-binding-android-arm64
103 silly reify mark deleted [
103 silly reify   '/Users/forceonetechnologies/Documents/Project Mar/chamba/backend/node_modules/@unrs/resolver-binding-android-arm64'
103 silly reify ]
104 verbose reify failed optional dependency /Users/forceonetechnologies/Documents/Project Mar/chamba/backend/node_modules/@unrs/resolver-binding-android-arm-eabi
105 silly reify mark deleted [
105 silly reify   '/Users/forceonetechnologies/Documents/Project Mar/chamba/backend/node_modules/@unrs/resolver-binding-android-arm-eabi'
105 silly reify ]
106 http cache @hapi/topo@https://registry.npmjs.org/@hapi/topo/-/topo-6.0.2.tgz 0ms (cache hit)
107 http cache @hapi/tlds@https://registry.npmjs.org/@hapi/tlds/-/tlds-1.1.6.tgz 0ms (cache hit)
108 http cache @standard-schema/spec@https://registry.npmjs.org/@standard-schema/spec/-/spec-1.1.0.tgz 0ms (cache hit)
109 http cache @hapi/formula@https://registry.npmjs.org/@hapi/formula/-/formula-3.0.2.tgz 0ms (cache hit)
110 http cache @hapi/hoek@https://registry.npmjs.org/@hapi/hoek/-/hoek-11.0.7.tgz 0ms (cache hit)
111 http cache @hapi/address@https://registry.npmjs.org/@hapi/address/-/address-5.1.1.tgz 0ms (cache hit)
112 http cache @tybys/wasm-util@https://registry.npmjs.org/@tybys/wasm-util/-/wasm-util-0.10.1.tgz 0ms (cache hit)
113 http cache joi@https://registry.npmjs.org/joi/-/joi-18.0.2.tgz 0ms (cache hit)
114 http cache @napi-rs/wasm-runtime@https://registry.npmjs.org/@napi-rs/wasm-runtime/-/wasm-runtime-0.2.12.tgz 0ms (cache hit)
115 http cache @hapi/pinpoint@https://registry.npmjs.org/@hapi/pinpoint/-/pinpoint-2.0.1.tgz 0ms (cache hit)
116 http cache @emnapi/wasi-threads@https://registry.npmjs.org/@emnapi/wasi-threads/-/wasi-threads-1.1.0.tgz 0ms (cache hit)
117 http cache @emnapi/runtime@https://registry.npmjs.org/@emnapi/runtime/-/runtime-1.8.1.tgz 0ms (cache hit)
118 silly tarball no local data for @hapi/topo@https://registry.npmjs.org/@hapi/topo/-/topo-6.0.2.tgz. Extracting by manifest.
119 silly tarball no local data for @hapi/tlds@https://registry.npmjs.org/@hapi/tlds/-/tlds-1.1.6.tgz. Extracting by manifest.
120 silly tarball no local data for @standard-schema/spec@https://registry.npmjs.org/@standard-schema/spec/-/spec-1.1.0.tgz. Extracting by manifest.
121 http cache @emnapi/core@https://registry.npmjs.org/@emnapi/core/-/core-1.8.1.tgz 0ms (cache hit)
122 silly tarball no local data for @hapi/formula@https://registry.npmjs.org/@hapi/formula/-/formula-3.0.2.tgz. Extracting by manifest.
123 silly tarball no local data for @hapi/hoek@https://registry.npmjs.org/@hapi/hoek/-/hoek-11.0.7.tgz. Extracting by manifest.
124 silly tarball no local data for @hapi/address@https://registry.npmjs.org/@hapi/address/-/address-5.1.1.tgz. Extracting by manifest.
125 silly tarball no local data for joi@https://registry.npmjs.org/joi/-/joi-18.0.2.tgz. Extracting by manifest.
126 silly tarball no local data for @hapi/pinpoint@https://registry.npmjs.org/@hapi/pinpoint/-/pinpoint-2.0.1.tgz. Extracting by manifest.
127 http fetch GET 200 https://registry.npmjs.org/@hapi/topo/-/topo-6.0.2.tgz 114ms (cache miss)
128 http fetch GET 200 https://registry.npmjs.org/@standard-schema/spec/-/spec-1.1.0.tgz 116ms (cache miss)
129 http fetch GET 200 https://registry.npmjs.org/@hapi/formula/-/formula-3.0.2.tgz 185ms (cache miss)
130 http fetch POST 200 https://registry.npmjs.org/-/npm/v1/security/advisories/bulk 283ms
131 silly audit report {
131 silly audit report   ajv: [
131 silly audit report     {
131 silly audit report       id: 1113715,
131 silly audit report       url: 'https://github.com/advisories/GHSA-2g4f-4pwh-qvx6',
131 silly audit report       title: 'ajv has ReDoS when using `$data` option',
131 silly audit report       severity: 'moderate',
131 silly audit report       vulnerable_versions: '>=7.0.0-alpha.0 <8.18.0',
131 silly audit report       cwe: [Array],
131 silly audit report       cvss: [Object]
131 silly audit report     }
131 silly audit report   ]
131 silly audit report }
132 silly packumentCache corgi:https://registry.npmjs.org/ajv cache-miss
133 http cache https://registry.npmjs.org/ajv 18ms (cache hit)
134 silly packumentCache corgi:https://registry.npmjs.org/ajv set size:464537 disposed:false
135 silly packumentCache corgi:https://registry.npmjs.org/@angular-devkit%2fcore cache-miss
136 http cache https://registry.npmjs.org/@angular-devkit%2fcore 9ms (cache hit)
137 silly packumentCache corgi:https://registry.npmjs.org/@angular-devkit%2fcore set size:1237536 disposed:false
138 silly packumentCache corgi:https://registry.npmjs.org/@angular-devkit%2fschematics cache-miss
139 silly packumentCache corgi:https://registry.npmjs.org/@angular-devkit%2fschematics-cli cache-miss
140 silly packumentCache corgi:https://registry.npmjs.org/@nestjs%2fcli cache-miss
141 silly packumentCache corgi:https://registry.npmjs.org/@nestjs%2fschematics cache-miss
142 http cache https://registry.npmjs.org/@nestjs%2fschematics 8ms (cache hit)
143 silly packumentCache corgi:https://registry.npmjs.org/@nestjs%2fschematics set size:253099 disposed:false
144 http cache https://registry.npmjs.org/@angular-devkit%2fschematics 12ms (cache hit)
145 silly packumentCache corgi:https://registry.npmjs.org/@angular-devkit%2fschematics set size:1205409 disposed:false
146 http cache https://registry.npmjs.org/@angular-devkit%2fschematics-cli 22ms (cache hit)
147 silly packumentCache corgi:https://registry.npmjs.org/@angular-devkit%2fschematics-cli set size:1305044 disposed:false
148 http cache https://registry.npmjs.org/@nestjs%2fcli 29ms (cache hit)
149 silly packumentCache corgi:https://registry.npmjs.org/@nestjs%2fcli set size:552766 disposed:false
150 http fetch GET 200 https://registry.npmjs.org/@hapi/tlds/-/tlds-1.1.6.tgz 365ms (cache miss)
151 http fetch GET 200 https://registry.npmjs.org/@hapi/hoek/-/hoek-11.0.7.tgz 366ms (cache miss)
152 http fetch GET 200 https://registry.npmjs.org/@hapi/pinpoint/-/pinpoint-2.0.1.tgz 370ms (cache miss)
153 http fetch GET 200 https://registry.npmjs.org/@hapi/address/-/address-5.1.1.tgz 371ms (cache miss)
154 http fetch GET 200 https://registry.npmjs.org/joi/-/joi-18.0.2.tgz 422ms (cache miss)
155 silly ADD node_modules/@standard-schema/spec
156 silly ADD node_modules/@hapi/topo
157 silly ADD node_modules/@hapi/tlds
158 silly ADD node_modules/@hapi/pinpoint
159 silly ADD node_modules/@hapi/hoek
160 silly ADD node_modules/@hapi/formula
161 silly ADD node_modules/@hapi/address
162 silly ADD node_modules/joi
163 silly ADD
164 silly ADD
165 silly ADD
166 silly ADD
167 silly ADD
168 silly ADD
169 silly ADD
170 silly ADD
171 silly ADD
172 silly ADD
173 silly ADD
174 silly ADD
175 silly ADD
176 silly ADD
177 silly ADD
178 silly ADD
179 silly ADD
180 silly ADD
181 silly ADD
182 silly ADD
183 silly ADD
184 silly ADD
185 silly ADD
186 verbose cwd /Users/forceonetechnologies/Documents/Project Mar/chamba/backend
187 verbose os Darwin 25.3.0
188 verbose node v22.14.0
189 verbose npm  v10.9.2
190 verbose exit 0
191 info ok
